epoch 0
1.28364872236
76.85376967688484 43.40385392804204
epoch 1
0.645412985263
83.43980834497904 48.02009809785859
epoch 2
0.54486006701
84.58545950588592 49.4803488233186
epoch 3
0.492814361588
82.5874736679854 52.14632325494587
epoch 4
0.458119745383
82.96495420151334 49.057962318492734
epoch 5
0.431766158563
85.75469791877146 52.709707822808674
epoch 6
0.409995112738
85.1840675920338 53.9378911323651
epoch 7
0.392202842698
85.84456378559126 56.06704438149197
epoch 8
0.377328899509
86.03671381281974 55.33403287862889
epoch 9
0.363368504625
87.08416833667334 54.80382004372339
epoch 10
0.351990607237
86.29457050243111 54.24345580467191
epoch 11
0.340682836029
86.88243597499496 54.42729488220959
epoch 12
0.329670663946
86.73756019261637 52.960906777700664
epoch 13
0.320604085738
85.89360732904792 54.896876841484975
epoch 14
0.312285804821
86.38297872340425 53.57729298615999
epoch 15
0.304247316675
87.2729097661347 56.032202415181146
epoch 16
0.295830658886
86.52317042289188 55.19784593771951
epoch 17
0.289001083763
86.73028628829732 56.231179059532074
epoch 18
0.282429961901
87.2677979716839 55.5977447934645
epoch 19
0.275893229843
86.97225572979494 53.84882108183079
epoch 20
0.269324446199
86.98406314413553 55.2999653219281
epoch 21
0.263259789276
87.23865182125044 56.27165627165627
epoch 22
0.2576329983
86.19695513631076 56.319680788639836
epoch 23
0.252200462075
86.93472375413617 54.832756632064594
epoch 24
0.246450780532
86.92319330273841 55.790206544441865
epoch 25
0.241688062844
86.5424016790765 55.21422797089733
