epoch  0
train loss 925.4343811
eval loss 664.560160319
eval accuracy 13.560926358301256
train accuracy:  13.554488786988609
eval accuracy:  13.560926358301256
dev accuracy:  14.535058681913934
test accuracy:  13.535098781000421
epoch  1
train loss 359.908818465
eval loss 207.471288045
eval accuracy 13.560926358301256
train accuracy:  13.554488786988609
eval accuracy:  13.560926358301256
dev accuracy:  14.535058681913934
test accuracy:  13.535098781000421
epoch  2
train loss 188.773452172
eval loss 169.051493327
eval accuracy 6.417618476683284
epoch  0
train loss 815.15650055
eval loss 639.104410807
eval accuracy 13.560926358301256
train accuracy:  13.554488786988609
eval accuracy:  13.560926358301256
dev accuracy:  14.535058681913934
test accuracy:  13.535098781000421
epoch  1
train loss 276.42800874
eval loss 132.369360606
eval accuracy 8.21606613239099
epoch  0
train loss 16.599475934
eval loss 6.07806475957
eval accuracy 7.149618224269577
train accuracy:  7.267321057533854
eval accuracy:  7.149618224269577
dev accuracy:  7.34276256394824
test accuracy:  7.166876839007987
epoch  1
train loss 3.60283100605
eval loss 2.76841052373
eval accuracy 18.255821291096105
train accuracy:  18.28258221680877
eval accuracy:  18.255821291096105
dev accuracy:  19.334938308757145
test accuracy:  18.29024800336276
epoch  2
train loss 2.31626713505
eval loss 2.53379754225
eval accuracy 20.527544645674258
train accuracy:  20.726517159848104
eval accuracy:  20.527544645674258
dev accuracy:  21.672183769686026
test accuracy:  20.80706179066835
epoch  3
train loss 2.12127050528
eval loss 2.40130380789
eval accuracy 23.22837130056162
train accuracy:  23.578132836569463
eval accuracy:  23.22837130056162
dev accuracy:  24.52603069515498
test accuracy:  23.870323665405632
epoch  4
train loss 2.26480628894
eval loss 3.60202479362
eval accuracy 16.406890894175554
epoch  0
train loss 26.7435432673
eval loss 9.38211552302
eval accuracy 16.37533918091752
train accuracy:  16.521458766210504
eval accuracy:  16.37533918091752
dev accuracy:  17.39893670378172
test accuracy:  16.58785203867171
epoch  1
train loss 7.87892962419
eval loss 5.12844316165
eval accuracy 9.358238152331671
train accuracy:  9.611664397793222
eval accuracy:  9.358238152331671
dev accuracy:  9.6198214464841
test accuracy:  9.967423287095418
epoch  2
train loss 4.00330935533
eval loss 3.06074698766
eval accuracy 16.785511453271912
train accuracy:  16.858923837500896
eval accuracy:  16.785511453271912
dev accuracy:  17.579496438960778
test accuracy:  16.808532997057586
epoch  3
train loss 2.42494250719
eval loss 2.62156029542
eval accuracy 16.943270019562064
train accuracy:  17.04091137063839
eval accuracy:  16.943270019562064
dev accuracy:  17.77008727053867
test accuracy:  17.050231189575452
epoch  4
train loss 2.41280132991
eval loss 2.68480487665
eval accuracy 17.220925096232726
train accuracy:  17.363330228559146
eval accuracy:  17.220925096232726
dev accuracy:  18.10612899989969
test accuracy:  17.333963850357293
epoch  5
train loss 2.33045989733
eval loss 2.73925948143
eval accuracy 8.304410929513473
train accuracy:  8.250340331016695
eval accuracy:  8.304410929513473
dev accuracy:  8.029892667268532
test accuracy:  8.307061790668348
epoch  6
train loss 2.73336927249
eval loss 3.99421234926
eval accuracy 17.536442228813023
train accuracy:  17.783907716558
eval accuracy:  17.536442228813023
dev accuracy:  18.482295114856054
test accuracy:  17.73329129886507
epoch  7
train loss 3.79341306595
eval loss 5.08947706223
eval accuracy 16.19233924402095
train accuracy:  16.331589883212725
eval accuracy:  16.19233924402095
dev accuracy:  16.98264620323001
test accuracy:  16.26733921815889
epoch  8
train loss 14.7330674483
eval loss 26.3889849981
eval accuracy 8.506341894364864
epoch 0
3.09833303377
59.14337290082599 22.770995190529042
epoch 1
1.23148982377
70.59367296631059 30.918085261166883
epoch 2
0.951759262793
75.32600357964716 36.741344195519346
epoch 3
0.848020856336
76.69409732805039 39.48867399655583
epoch 4
0.790061502108
80.4098854731766 41.66666666666667
epoch 5
0.749842293967
80.01400420126036 42.21777722215277
epoch 6
0.71809256891
78.92790191011804 40.65990499422262
epoch 7
0.692472776213
80.51580278128951 42.40673282250974
epoch 8
0.671852284801
79.41656466748266 43.103005394297455
epoch 9
0.657574628011
80.87486771153554 42.671984047856434
epoch 10
0.640228832837
81.27169374717039 43.81034909631097
epoch 11
0.623800608668
79.12628826334411 45.07516848107828
epoch 12
0.613351475596
81.1930989386852 46.090942881922935
epoch 13
0.60608695527
80.44287871162557 46.27127127127127
epoch 14
0.59494848639
79.41011950165269 46.24743852459016
epoch 15
0.584700548947
81.40311804008908 47.295112548190524
epoch 16
0.575682574021
80.74698061504111 45.66365007541478
epoch 17
0.569696127966
81.35814889336015 46.1605045134166
epoch 18
0.560372821296
81.80629588655336 46.42242439144332
epoch 19
0.552551151964
80.98817398276206 47.65499319391164
epoch 20
0.545657938404
81.52724326514077 47.3416149068323
epoch 21
0.53744668024
80.59837728194726 46.48294954070719
epoch 0
1.37898781184
78.66686835072858 45.04550698628381
epoch 1
0.66203793689
78.02255168093548 44.37307640840359
epoch 2
0.567550826569
83.03085299455536 47.164541590771094
epoch 3
0.518704864301
81.38622043177358 48.33100647290266
epoch 4
0.486689404407
82.76178812002449 50.08015784930324
epoch 5
0.462341150863
84.80808080808082 51.46498332539304
epoch 6
0.440671438662
84.86802337295991 51.187084520417855
epoch 7
0.425264266936
85.15061304808518 51.232519554396774
epoch 8
0.414137553698
85.38838136576994 52.93769949166568
epoch 9
0.398175127884
84.77503408574458 50.4288777698356
epoch 10
0.385925194993
85.76157279703094 53.42690058479532
epoch 11
0.373222794114
84.37090101906972 50.53814876823727
epoch 12
0.360716724459
85.52954739110821 53.17627754336615
epoch 13
0.352795665538
85.04262725117287 53.76675762249376
epoch 14
0.342179241929
85.70995911362374 54.075382803298
epoch 15
0.333243116494
86.29174877469556 54.10469610024593
epoch 16
0.324423649703
85.31864355384849 53.346759862575524
epoch 17
0.318183961165
85.635552883411 54.083781886262585
epoch 18
0.309186945485
85.68563549761846 54.569923932124055
epoch 19
0.3009227919
85.96367305751767 53.726963258598424
epoch 20
0.294665128386
86.25062908907901 53.84525615591084
epoch 21
0.287172142854
85.70995605394756 54.5025931164545
epoch 22
0.280973366128
85.2661740310662 53.17769130998703
