epoch  0
train loss 4.43319641627
eval loss 2.3863333861
eval accuracy 41.83757178014766
train accuracy:  41.85355018986888
eval accuracy:  41.83757178014766
dev accuracy:  42.23593138730063
test accuracy:  42.470575872215214
epoch  1
train loss 2.12456685305
eval loss 1.95962591966
eval accuracy 49.27115542373951
train accuracy:  48.789138066919826
eval accuracy:  49.27115542373951
dev accuracy:  48.82636172133614
test accuracy:  49.663724253888184
epoch  2
train loss 1.73488176557
eval loss 1.68560665846
eval accuracy 51.41036158263393
train accuracy:  50.955792792147314
eval accuracy:  51.41036158263393
dev accuracy:  50.902798675895276
test accuracy:  51.82324506094997
epoch  3
train loss 1.47280274675
eval loss 1.47377290328
eval accuracy 55.53101533413264
train accuracy:  55.18234577631296
eval accuracy:  55.53101533413264
dev accuracy:  54.92526833182867
test accuracy:  56.13703236654056
epoch  4
train loss 1.29240011481
eval loss 1.36170981328
eval accuracy 56.50280810247996
train accuracy:  56.24632800745146
eval accuracy:  56.50280810247996
dev accuracy:  55.54719630855652
test accuracy:  57.22467423287095
epoch  5
train loss 1.20081544152
eval loss 1.2917774121
eval accuracy 57.84060074462043
train accuracy:  57.759547180626214
eval accuracy:  57.84060074462043
dev accuracy:  57.47316681713311
test accuracy:  58.79571248423707
epoch  6
train loss 1.12874899002
eval loss 1.25748497248
eval accuracy 58.477945352432634
train accuracy:  58.66876835996274
eval accuracy:  58.477945352432634
dev accuracy:  57.8543484802889
test accuracy:  59.73623371164355
epoch  7
train loss 1.07809662704
eval loss 1.22112965584
eval accuracy 59.39925537956711
train accuracy:  59.64032385183062
eval accuracy:  59.39925537956711
dev accuracy:  59.01795566255392
test accuracy:  60.78709541824296
epoch  8
train loss 1.04099959364
eval loss 1.1967954735
eval accuracy 60.66132390988831
train accuracy:  60.22784265959733
eval accuracy:  60.66132390988831
dev accuracy:  59.62483699468352
test accuracy:  61.36506935687264
epoch  9
train loss 1.01240359361
eval loss 1.19807219505
eval accuracy 59.92301381965041
train accuracy:  60.17983807408469
eval accuracy:  59.92301381965041
dev accuracy:  59.53455712709399
test accuracy:  61.154897015552756
epoch  10
train loss 0.987955511763
eval loss 1.15557525555
eval accuracy 61.866599356345056
train accuracy:  61.86787991688758
eval accuracy:  61.866599356345056
dev accuracy:  61.83669375062695
test accuracy:  62.983396385035725
epoch  11
train loss 0.966913582041
eval loss 1.14952386419
eval accuracy 62.623840474537765
train accuracy:  62.4023787346851
eval accuracy:  62.623840474537765
dev accuracy:  61.70628949744207
test accuracy:  63.387978142076506
epoch  12
train loss 0.953890203283
eval loss 1.13483044505
eval accuracy 62.554426705370105
train accuracy:  62.38016765780612
eval accuracy:  62.554426705370105
dev accuracy:  62.04233122680309
test accuracy:  63.629676334594365
epoch  13
train loss 0.9304105628
eval loss 1.1206377248
eval accuracy 62.92042657916325
train accuracy:  63.10668481765423
eval accuracy:  62.92042657916325
dev accuracy:  62.59404152873908
test accuracy:  64.1078184110971
epoch  14
train loss 0.913249898415
eval loss 1.10222346584
eval accuracy 64.0310468858459
train accuracy:  64.18786272121515
eval accuracy:  64.0310468858459
dev accuracy:  63.76767980740294
test accuracy:  64.9957965531736
epoch  15
train loss 0.900296369424
eval loss 1.1048386693
eval accuracy 63.6145642708399
train accuracy:  63.73002794296768
eval accuracy:  63.6145642708399
dev accuracy:  63.381482596047746
test accuracy:  64.67528373266079
epoch  16
train loss 0.890411960391
eval loss 1.08601975441
eval accuracy 64.89556382911591
train accuracy:  65.07200687826898
eval accuracy:  64.89556382911591
dev accuracy:  64.45982545892267
test accuracy:  65.97309794031105
epoch  17
train loss 0.873362401357
eval loss 1.10206818581
eval accuracy 64.22035716539408
train accuracy:  64.14129110840439
eval accuracy:  64.22035716539408
dev accuracy:  63.356404855050656
test accuracy:  65.0063051702396
epoch  18
train loss 0.865143418312
eval loss 1.06814316909
eval accuracy 65.80425317094718
train accuracy:  65.81715268324139
eval accuracy:  65.80425317094718
dev accuracy:  65.051660146454
test accuracy:  66.69819251786465
epoch  19
train loss 0.848282890824
eval loss 1.05947082241
eval accuracy 65.8168738562504
train accuracy:  66.01346994339757
eval accuracy:  65.8168738562504
dev accuracy:  65.44287290600863
test accuracy:  66.86107608238756
epoch  20
train loss 0.839433174867
eval loss 1.05614038308
eval accuracy 66.13239098883069
train accuracy:  66.15963315898831
eval accuracy:  66.13239098883069
dev accuracy:  65.543183869997
test accuracy:  66.98192517864649
epoch  21
train loss 0.835193394468
eval loss 1.03973131378
eval accuracy 66.81390799520413
train accuracy:  67.10897757397721
eval accuracy:  66.81390799520413
dev accuracy:  66.53124686528238
test accuracy:  67.80685161832703
epoch  22
train loss 0.820498309456
eval loss 1.03322680791
eval accuracy 67.0978734145264
train accuracy:  67.43354589095077
eval accuracy:  67.0978734145264
dev accuracy:  66.91242852843816
test accuracy:  68.15889029003783
epoch  23
train loss 0.814684497622
eval loss 1.04529765248
eval accuracy 66.38480469489492
train accuracy:  66.5236082252633
eval accuracy:  66.38480469489492
dev accuracy:  66.13501855752834
test accuracy:  67.4758301807482
epoch  24
train loss 0.803796605422
eval loss 1.02587904533
eval accuracy 67.4007698618035
train accuracy:  67.58687397005087
eval accuracy:  67.4007698618035
dev accuracy:  66.94753736583408
test accuracy:  68.44787725935268
epoch  25
train loss 0.794894714768
eval loss 1.02554279566
eval accuracy 67.45125260301634
train accuracy:  67.50232858064054
eval accuracy:  67.45125260301634
dev accuracy:  67.21837696860267
test accuracy:  68.30075662042874
epoch  26
train loss 0.785638391972
eval loss 1.02346526583
eval accuracy 67.65949391051934
train accuracy:  67.63057963745791
eval accuracy:  67.65949391051934
dev accuracy:  66.80710201625037
test accuracy:  68.53720050441362
epoch  27
train loss 0.775975626249
eval loss 1.00181395809
eval accuracy 68.43566605666688
train accuracy:  68.69742781400015
eval accuracy:  68.43566605666688
dev accuracy:  68.01083358411074
test accuracy:  69.65636822194199
epoch  28
train loss 0.768249287055
eval loss 1.00326375167
eval accuracy 68.21480406386067
train accuracy:  68.4839148814215
eval accuracy:  68.21480406386067
dev accuracy:  68.07102016250376
test accuracy:  69.56179066834804
epoch  29
train loss 0.761778034843
eval loss 0.991901298364
eval accuracy 69.07301066447909
train accuracy:  69.29999283513649
eval accuracy:  69.07301066447909
dev accuracy:  68.53245059685024
test accuracy:  70.16603614964271
epoch  30
train loss 0.748583194155
eval loss 0.98651856184
eval accuracy 69.07301066447909
train accuracy:  69.3594612022641
eval accuracy:  69.07301066447909
dev accuracy:  68.78824355502057
test accuracy:  70.27637662883565
epoch  31
train loss 0.742480964615
eval loss 1.00861098369
eval accuracy 67.87404556067395
train accuracy:  67.97950849036326
eval accuracy:  67.87404556067395
dev accuracy:  67.80018055973518
test accuracy:  69.06788566624633
epoch  32
train loss 0.740611652915
eval loss 0.971835921208
eval accuracy 69.97538966365873
train accuracy:  70.2557856272838
eval accuracy:  69.97538966365873
dev accuracy:  69.44026482094493
test accuracy:  71.10130306851619
epoch  33
train loss 0.732568887564
eval loss 0.975989341736
eval accuracy 69.7166656149429
train accuracy:  70.23357455040482
eval accuracy:  69.7166656149429
dev accuracy:  69.344969405156
test accuracy:  70.82282471626733
epoch  34
train loss 0.726036698772
eval loss 0.960440625747
eval accuracy 70.49914810374204
train accuracy:  70.89345847961597
eval accuracy:  70.49914810374204
dev accuracy:  70.11234827966697
test accuracy:  71.52690205968895
epoch  35
train loss 0.721442436943
eval loss 0.963794281085
eval accuracy 70.45497570518079
train accuracy:  70.80389768574908
eval accuracy:  70.45497570518079
dev accuracy:  69.8716019660949
test accuracy:  71.31672971836906
epoch  36
train loss 0.711054366369
eval loss 0.97301158309
eval accuracy 69.76083801350413
train accuracy:  70.27369778605717
eval accuracy:  69.76083801350413
dev accuracy:  69.03902096499147
test accuracy:  70.73875577973938
epoch  37
train loss 0.704426100621
eval loss 0.950779765844
eval accuracy 70.80204455101912
train accuracy:  71.25958300494376
eval accuracy:  70.80204455101912
dev accuracy:  70.17253485805999
test accuracy:  72.02080706179068
epoch  38
train loss 0.700953679589
eval loss 0.945072859526
eval accuracy 71.05445825708337
train accuracy:  71.65436698430895
eval accuracy:  71.05445825708337
dev accuracy:  70.75935399739191
test accuracy:  72.26775956284153
epoch  39
train loss 0.692560968491
eval loss 0.948097725709
eval accuracy 71.0860099703414
train accuracy:  71.24955219603066
eval accuracy:  71.0860099703414
dev accuracy:  70.51359213562043
test accuracy:  71.95250105086171
epoch  40
train loss 0.690806908103
eval loss 0.938573658466
eval accuracy 71.33211333375402
train accuracy:  72.05918177258724
eval accuracy:  71.33211333375402
dev accuracy:  71.02016250376167
test accuracy:  72.53572929802438
epoch  41
train loss 0.685024098708
eval loss 0.934220095476
eval accuracy 71.41414778822491
train accuracy:  72.19101526115928
eval accuracy:  71.41414778822491
dev accuracy:  71.35118868492326
test accuracy:  72.69861286254728
epoch  42
train loss 0.676690482176
eval loss 0.935602386793
eval accuracy 71.66656149428914
train accuracy:  72.19388120656302
eval accuracy:  71.66656149428914
dev accuracy:  71.12548901594944
test accuracy:  72.63030685161833
epoch  43
train loss 0.680981506522
eval loss 0.9241378208
eval accuracy 72.19663027702404
train accuracy:  72.68467435695351
eval accuracy:  72.19663027702404
dev accuracy:  71.78754137827265
test accuracy:  73.37116435477091
epoch  44
train loss 0.667886175788
eval loss 0.934109936158
eval accuracy 71.40783744557329
train accuracy:  71.94454395643763
eval accuracy:  71.40783744557329
dev accuracy:  71.0301936001605
test accuracy:  72.61979823455233
epoch  45
train loss 0.659605423991
eval loss 0.917414754629
eval accuracy 72.43011295513347
train accuracy:  72.95765565665974
eval accuracy:  72.43011295513347
dev accuracy:  71.93299227605577
test accuracy:  73.66015132408576
epoch  46
train loss 0.656451683778
eval loss 0.925749758879
eval accuracy 72.0451820533855
train accuracy:  72.32284874973132
eval accuracy:  72.0451820533855
dev accuracy:  71.32611094392617
test accuracy:  73.13997477931903
epoch  47
train loss 0.654993328911
eval loss 0.925204664469
eval accuracy 72.25342336088849
train accuracy:  72.7441427240811
eval accuracy:  72.25342336088849
dev accuracy:  71.4715618417093
test accuracy:  73.29760403530895
epoch  48
train loss 0.653923305181
eval loss 0.909039656321
eval accuracy 72.83397488483625
train accuracy:  73.53299419646055
eval accuracy:  72.83397488483625
dev accuracy:  72.52984251178654
test accuracy:  74.1067675493905
epoch  49
train loss 0.640699998691
eval loss 0.907395303249
eval accuracy 73.06745756294568
train accuracy:  73.55520527333954
eval accuracy:  73.06745756294568
dev accuracy:  72.23392516802086
test accuracy:  74.01744430432954
epoch  50
train loss 0.639189594067
eval loss 0.908926079671
eval accuracy 72.92231968195873
train accuracy:  73.54660743712832
eval accuracy:  72.92231968195873
dev accuracy:  72.55993580098304
test accuracy:  73.92286675073561
epoch  51
train loss 0.635158682099
eval loss 0.902214854956
eval accuracy 73.00435413642961
train accuracy:  73.72071362040553
eval accuracy:  73.00435413642961
dev accuracy:  72.59504463837897
test accuracy:  74.54287515762925
epoch  52
train loss 0.629100858019
eval loss 0.895407309135
eval accuracy 73.45238846469363
train accuracy:  74.22010460700723
eval accuracy:  73.45238846469363
dev accuracy:  73.08155281372254
test accuracy:  74.66897856242119
epoch  53
train loss 0.629702166869
eval loss 0.894866953293
eval accuracy 73.43976777939042
train accuracy:  74.09758544099735
eval accuracy:  73.43976777939042
dev accuracy:  73.10663055471963
test accuracy:  74.89491382934006
epoch  54
train loss 0.620912069312
eval loss 0.890101740758
eval accuracy 73.81207799583518
train accuracy:  74.47230780253636
eval accuracy:  73.81207799583518
dev accuracy:  73.41759454308357
test accuracy:  74.94745691467003
epoch  55
train loss 0.626962513878
eval loss 0.897142688433
eval accuracy 73.39559538082918
train accuracy:  74.03023572400946
eval accuracy:  73.39559538082918
dev accuracy:  72.96117965693651
test accuracy:  74.4535519125683
epoch  56
train loss 0.614133059978
eval loss 0.88729869326
eval accuracy 73.9319745062157
train accuracy:  74.59625994124812
eval accuracy:  73.9319745062157
dev accuracy:  73.39251680208648
test accuracy:  75.010508617066
epoch  57
train loss 0.614232816375
eval loss 0.880783120791
eval accuracy 74.1465261563703
train accuracy:  74.96381743927778
eval accuracy:  74.1465261563703
dev accuracy:  73.76366736884341
test accuracy:  75.42034468263977
epoch  58
train loss 0.61188630072
eval loss 0.881613353888
eval accuracy 74.05187101659621
train accuracy:  74.87497313176183
eval accuracy:  74.05187101659621
dev accuracy:  73.76366736884341
test accuracy:  75.45187053383775
epoch  59
train loss 0.607580181498
eval loss 0.878388951222
eval accuracy 74.49990534486022
train accuracy:  75.1278928136419
eval accuracy:  74.49990534486022
dev accuracy:  73.85394723643294
test accuracy:  75.5411937788987
epoch  60
train loss 0.602598011494
eval loss 0.876646747192
eval accuracy 74.50621568751184
train accuracy:  75.11427957297413
eval accuracy:  74.50621568751184
dev accuracy:  74.00441368241549
test accuracy:  75.78814627994956
epoch  61
train loss 0.603891606514
eval loss 0.871838241816
eval accuracy 74.60087082728593
train accuracy:  75.4123378949631
eval accuracy:  74.60087082728593
dev accuracy:  74.29029992978232
test accuracy:  75.88272383354351
epoch  62
train loss 0.595111891627
eval loss 0.884560813506
eval accuracy 74.00138827538335
train accuracy:  74.82410260084545
eval accuracy:  74.00138827538335
dev accuracy:  73.42261009128298
test accuracy:  74.95796553173602
epoch  63
train loss 0.594801253997
eval loss 0.869046399991
eval accuracy 74.7838707641825
train accuracy:  75.54560435623702
eval accuracy:  74.7838707641825
dev accuracy:  74.35550205637476
test accuracy:  75.91424968474149
epoch  64
train loss 0.590954057299
eval loss 0.866225719452
eval accuracy 74.87852590395659
train accuracy:  75.69535000358243
eval accuracy:  74.87852590395659
dev accuracy:  74.49593740595847
test accuracy:  76.32408575031526
epoch  65
train loss 0.590914507325
eval loss 0.864277640978
eval accuracy 75.12462926736922
train accuracy:  75.88808483198395
eval accuracy:  75.12462926736922
dev accuracy:  74.51098405055673
test accuracy:  76.32934005884826
epoch  66
train loss 0.583163627065
eval loss 0.86739029487
eval accuracy 75.09938789676279
train accuracy:  75.68890162642403
eval accuracy:  75.09938789676279
dev accuracy:  74.45079747216371
test accuracy:  75.93001261034048
epoch  67
train loss 0.58139052414
eval loss 0.871105472247
eval accuracy 74.5819397993311
train accuracy:  75.21888658021064
eval accuracy:  74.5819397993311
dev accuracy:  74.09469355000502
test accuracy:  75.76187473728457
epoch  68
train loss 0.582382657207
eval loss 0.856327782075
eval accuracy 75.27607749100777
train accuracy:  76.19832342193881
eval accuracy:  75.27607749100777
dev accuracy:  74.83699468351891
test accuracy:  76.67087011349307
epoch  69
train loss 0.573968875294
eval loss 0.856249978145
eval accuracy 75.3265602322206
train accuracy:  76.22125098516874
eval accuracy:  75.3265602322206
dev accuracy:  74.84201023171832
test accuracy:  76.64459857082808
epoch  70
train loss 0.572876179448
eval loss 0.858608106772
eval accuracy 75.35811194547864
train accuracy:  76.15963315898831
eval accuracy:  75.35811194547864
dev accuracy:  74.77179255692647
test accuracy:  76.49747793190416
epoch  71
train loss 0.56835998079
eval loss 0.863903890053
eval accuracy 75.18142235123368
train accuracy:  75.93250698574192
eval accuracy:  75.18142235123368
dev accuracy:  74.40064199016952
test accuracy:  75.8879781420765
epoch  72
train loss 0.568739513938
eval loss 0.849753250678
eval accuracy 75.79352558843945
train accuracy:  76.63036469155261
eval accuracy:  75.79352558843945
dev accuracy:  75.3034406660648
test accuracy:  76.83375367801597
epoch  73
train loss 0.565823555566
eval loss 0.857431143522
eval accuracy 75.33287057487222
train accuracy:  75.8644407824031
eval accuracy:  75.33287057487222
dev accuracy:  74.79185474972414
test accuracy:  76.47646069777217
epoch  74
train loss 0.563163800881
eval loss 0.844695130984
eval accuracy 76.10273237836815
train accuracy:  76.85032600128967
eval accuracy:  76.10273237836815
dev accuracy:  75.50907814224095
test accuracy:  77.19630096679278
epoch  75
train loss 0.561878509246
eval loss 0.854021092256
eval accuracy 75.28238783365937
train accuracy:  76.60958658737552
eval accuracy:  75.28238783365937
dev accuracy:  75.0576788042933
test accuracy:  76.66036149642707
epoch  76
train loss 0.563021877064
eval loss 0.852031201124
eval accuracy 75.43383605729791
train accuracy:  76.40180554560435
eval accuracy:  75.43383605729791
dev accuracy:  75.25328518407062
test accuracy:  76.76544766708702
epoch  77
train loss 0.557721105906
eval loss 0.844460537036
eval accuracy 75.90080141351675
train accuracy:  76.87683599627427
eval accuracy:  75.90080141351675
dev accuracy:  75.6645601364229
test accuracy:  77.15426649852878
epoch  78
train loss 0.557286966879
eval loss 0.849503735701
eval accuracy 75.56004291033003
train accuracy:  76.72923980798166
eval accuracy:  75.56004291033003
dev accuracy:  75.39372053365433
test accuracy:  76.83375367801597
epoch  79
train loss 0.554054049918
eval loss 0.843107034763
eval accuracy 75.91342209881996
train accuracy:  76.8180841154976
eval accuracy:  75.91342209881996
dev accuracy:  75.48400040124386
test accuracy:  77.28562421185372
epoch  80
train loss 0.551448064355
eval loss 0.838781476021
eval accuracy 76.43087019625166
train accuracy:  77.2415275489002
eval accuracy:  76.43087019625166
dev accuracy:  75.80499548600662
test accuracy:  77.56935687263557
epoch  81
train loss 0.547028597731
eval loss 0.837054590384
eval accuracy 76.2541806020067
train accuracy:  77.38410833273626
eval accuracy:  76.2541806020067
dev accuracy:  75.9103219981944
test accuracy:  77.62189995796554
epoch  82
train loss 0.544860776227
eval loss 0.835192849239
eval accuracy 76.39931848299362
train accuracy:  77.41491724582646
eval accuracy:  76.39931848299362
dev accuracy:  76.00060186578393
test accuracy:  77.73224043715847
epoch  83
train loss 0.546038851142
eval loss 0.836190541585
eval accuracy 76.2668012873099
train accuracy:  77.47868453105968
eval accuracy:  76.2668012873099
dev accuracy:  75.86016651620022
test accuracy:  77.6586801176965
epoch  84
train loss 0.542111435762
eval loss 0.835192024708
eval accuracy 76.24155991670347
train accuracy:  77.32392347925772
eval accuracy:  76.24155991670347
dev accuracy:  75.98555522118568
test accuracy:  77.59562841530054
epoch  85
train loss 0.540120427425
eval loss 0.838481038809
eval accuracy 76.31097368587115
train accuracy:  77.33682023357456
eval accuracy:  76.31097368587115
dev accuracy:  75.60437355802989
test accuracy:  77.41698192517865
epoch  86
train loss 0.538925025326
eval loss 0.834694941839
eval accuracy 76.58862876254182
train accuracy:  77.51880776671204
eval accuracy:  76.58862876254182
dev accuracy:  75.84511987160197
test accuracy:  77.59037410676754
epoch  87
train loss 0.53309357109
eval loss 0.829587042332
eval accuracy 76.53183567867735
train accuracy:  77.6835996274271
eval accuracy:  76.53183567867735
dev accuracy:  76.32661249874612
test accuracy:  77.75325767129046
epoch  88
train loss 0.532063891108
eval loss 0.833440075318
eval accuracy 76.50028396541933
train accuracy:  77.7430679945547
eval accuracy:  76.50028396541933
dev accuracy:  76.05577289597754
test accuracy:  77.6902059688945
epoch  89
train loss 0.532109196943
eval loss 0.831422408422
eval accuracy 76.52552533602575
train accuracy:  77.52167371211578
eval accuracy:  76.52552533602575
dev accuracy:  76.1310061189688
test accuracy:  77.78478352248844
epoch  90
train loss 0.529106548772
eval loss 0.82735328873
eval accuracy 76.8915252098189
train accuracy:  78.08698144300351
eval accuracy:  76.8915252098189
dev accuracy:  76.50215668572575
test accuracy:  78.14733081126523
epoch  91
train loss 0.526881959003
eval loss 0.823516011238
eval accuracy 77.1250078879283
train accuracy:  78.19087196388908
eval accuracy:  77.1250078879283
dev accuracy:  76.70277861370248
test accuracy:  78.36801176965112
epoch  92
train loss 0.526371457256
eval loss 0.827131360769
eval accuracy 76.87890452451568
train accuracy:  78.08053306584509
eval accuracy:  76.87890452451568
dev accuracy:  76.4068612699368
test accuracy:  77.99495586380833
epoch  93
train loss 0.529670572625
eval loss 0.829401810964
eval accuracy 76.66435287436107
train accuracy:  77.9315039048506
eval accuracy:  76.66435287436107
dev accuracy:  76.19620824556124
test accuracy:  77.90037831021438
epoch  94
train loss 0.52193465485
eval loss 0.837991833687
eval accuracy 76.31728402852275
train accuracy:  77.48799885362185
eval accuracy:  76.31728402852275
dev accuracy:  75.65452904002407
test accuracy:  77.22257250945775
epoch  95
train loss 0.518748192833
eval loss 0.819570819537
eval accuracy 77.27645611156686
train accuracy:  78.34993193379665
eval accuracy:  77.27645611156686
dev accuracy:  76.91844718627746
test accuracy:  78.572929802438
epoch  96
train loss 0.517327469129
eval loss 0.833040585121
eval accuracy 76.59493910519342
train accuracy:  77.816866088701
eval accuracy:  76.59493910519342
dev accuracy:  75.95044638378975
test accuracy:  77.53257671290457
epoch  97
train loss 0.516468146673
eval loss 0.819826622804
eval accuracy 76.98618034959298
train accuracy:  78.34491652934011
eval accuracy:  76.98618034959298
dev accuracy:  76.70277861370248
test accuracy:  78.27343421605717
epoch  98
train loss 0.513447951812
eval loss 0.822976956765
eval accuracy 76.9041458951221
train accuracy:  78.1994698001003
eval accuracy:  76.9041458951221
dev accuracy:  76.74290299929783
test accuracy:  78.28394283312316
epoch  99
train loss 0.51456669718
eval loss 0.822984000047
eval accuracy 76.82842178330283
train accuracy:  78.20663466360965
eval accuracy:  76.82842178330283
dev accuracy:  76.4620323001304
test accuracy:  78.33123160992014
epoch  100
train loss 0.51074442554
eval loss 0.818241859476
eval accuracy 77.61721461475358
train accuracy:  78.57920756609586
eval accuracy:  77.61721461475358
dev accuracy:  76.81813622228908
test accuracy:  78.65699873896595
epoch  101
train loss 0.513966615383
eval loss 0.815424963832
eval accuracy 77.46576639111504
train accuracy:  78.7518807766712
eval accuracy:  77.46576639111504
dev accuracy:  77.13411575885245
test accuracy:  78.7305590584279
epoch  102
train loss 0.511488099511
eval loss 0.813299785058
eval accuracy 77.75604215308891
train accuracy:  78.79558644407824
eval accuracy:  77.75604215308891
dev accuracy:  77.02377369846525
test accuracy:  78.69903320722993
epoch  103
train loss 0.509889657681
eval loss 0.835921307405
eval accuracy 76.59493910519342
train accuracy:  77.77316042129398
eval accuracy:  76.59493910519342
dev accuracy:  75.67960678102116
test accuracy:  77.3224043715847
epoch  104
train loss 0.508696575577
eval loss 0.815964271625
eval accuracy 77.4152836499022
train accuracy:  78.72752024073941
eval accuracy:  77.4152836499022
dev accuracy:  77.01875815026582
test accuracy:  78.562421185372
epoch  105
train loss 0.507102772593
eval loss 0.807751188676
eval accuracy 77.90749037672747
train accuracy:  79.17819015547754
eval accuracy:  77.90749037672747
dev accuracy:  77.3698465242251
test accuracy:  79.00378310214376
epoch  106
train loss 0.500139594651
eval loss 0.808983325958
eval accuracy 77.65507667066322
train accuracy:  78.98688829977789
eval accuracy:  77.65507667066322
dev accuracy:  77.37987762062394
test accuracy:  78.9092055485498
epoch  107
train loss 0.499711962847
eval loss 0.818047096332
eval accuracy 77.57935255884395
train accuracy:  78.7662105036899
eval accuracy:  77.57935255884395
dev accuracy:  76.80308957769084
test accuracy:  78.52564102564102
epoch  108
train loss 0.500169058832
eval loss 0.809837778409
eval accuracy 77.88224900612103
train accuracy:  79.15526259224762
eval accuracy:  77.88224900612103
dev accuracy:  77.32470659043034
test accuracy:  78.86191677175283
epoch  109
train loss 0.497541419015
eval loss 0.809954206149
eval accuracy 77.78759386634694
train accuracy:  79.09937665687468
eval accuracy:  77.78759386634694
dev accuracy:  77.33975323502858
test accuracy:  78.82513661202186
epoch  110
train loss 0.49521191017
eval loss 0.806179965536
eval accuracy 77.8443869502114
train accuracy:  79.29354445797807
eval accuracy:  77.8443869502114
dev accuracy:  77.46514194001405
test accuracy:  79.17717528373267
epoch  111
train loss 0.495856338396
eval loss 0.814601386587
eval accuracy 77.49731810437306
train accuracy:  78.9790069499176
eval accuracy:  77.49731810437306
dev accuracy:  76.80308957769084
test accuracy:  78.55191256830601
epoch  112
train loss 0.494583420455
eval loss 0.804613356789
eval accuracy 78.09680065627563
train accuracy:  79.47266604571183
eval accuracy:  78.09680065627563
dev accuracy:  77.72093489818437
test accuracy:  79.14564943253468
epoch  113
train loss 0.492369650075
eval loss 0.820350090663
eval accuracy 77.25752508361204
train accuracy:  78.33703517947983
eval accuracy:  77.25752508361204
dev accuracy:  76.71782525830073
test accuracy:  78.41530054644808
epoch  114
train loss 0.490880117393
eval loss 0.805867205064
eval accuracy 78.02738688710798
train accuracy:  79.56724224403526
eval accuracy:  78.02738688710798
dev accuracy:  77.72093489818437
test accuracy:  79.15090374106768
epoch  115
train loss 0.487467742883
eval loss 0.805605863531
eval accuracy 78.02107654445636
train accuracy:  79.45547037328939
eval accuracy:  78.02107654445636
dev accuracy:  77.38990871702278
test accuracy:  79.1088692728037
epoch  116
train loss 0.488022801968
eval loss 0.799336910248
eval accuracy 78.33659367703666
train accuracy:  79.76499247689331
eval accuracy:  78.33659367703666
dev accuracy:  77.94663456715818
test accuracy:  79.52395964691047
epoch  117
train loss 0.488359146966
eval loss 0.801263997952
eval accuracy 78.28611093582381
train accuracy:  79.56652575768432
eval accuracy:  78.28611093582381
dev accuracy:  77.8663857959675
test accuracy:  79.50294241277848
epoch  118
train loss 0.4841230334
eval loss 0.797512600819
eval accuracy 78.49435224332682
train accuracy:  79.92691839220463
eval accuracy:  78.49435224332682
dev accuracy:  77.99177450095296
test accuracy:  79.69735182849938
epoch  119
train loss 0.486723585198
eval loss 0.79949465394
eval accuracy 78.3744557329463
train accuracy:  79.72415275489001
eval accuracy:  78.3744557329463
dev accuracy:  77.93660347075935
test accuracy:  79.44514501891551
epoch  120
train loss 0.481925361432
eval loss 0.795818656683
eval accuracy 78.39969710355273
train accuracy:  80.03940674930142
eval accuracy:  78.39969710355273
dev accuracy:  78.04192998294714
test accuracy:  79.50294241277848
epoch  121
train loss 0.478940298924
eval loss 0.79556876421
eval accuracy 78.62055909635893
train accuracy:  80.02937594038833
eval accuracy:  78.62055909635893
dev accuracy:  78.16230313973317
test accuracy:  79.76565783942833
epoch  122
train loss 0.478331849552
eval loss 0.806716064612
eval accuracy 77.99583517384994
train accuracy:  79.62886007021567
eval accuracy:  77.99583517384994
dev accuracy:  77.60056174139834
test accuracy:  79.12988650693569
epoch  123
train loss 0.478931776033
eval loss 0.795825158556
eval accuracy 78.5763866977977
train accuracy:  79.99641756824532
eval accuracy:  78.5763866977977
dev accuracy:  78.22750526632561
test accuracy:  79.77616645649432
epoch  124
train loss 0.479754361969
eval loss 0.800810133417
eval accuracy 78.31135230643024
train accuracy:  79.9039908289747
eval accuracy:  78.31135230643024
dev accuracy:  77.66074831979135
test accuracy:  79.34531315678856
epoch  125
train loss 0.474727346347
eval loss 0.795017724236
eval accuracy 78.69628320817822
train accuracy:  80.17840510138282
eval accuracy:  78.69628320817822
dev accuracy:  78.15227204333434
test accuracy:  79.69209751996638
epoch  126
train loss 0.476139852634
eval loss 0.808377295732
eval accuracy 77.98321448854672
train accuracy:  79.11084043848965
eval accuracy:  77.98321448854672
dev accuracy:  77.344768783228
test accuracy:  79.25598991172762
epoch  127
train loss 0.476548703244
eval loss 0.798634072145
eval accuracy 78.49435224332682
train accuracy:  79.82159489861718
eval accuracy:  78.49435224332682
dev accuracy:  78.13722539873608
test accuracy:  79.62904581757041
epoch  128
train loss 0.472365685954
eval loss 0.791366065542
eval accuracy 78.84773143181675
train accuracy:  80.3890520885577
eval accuracy:  78.84773143181675
dev accuracy:  78.26261410372155
test accuracy:  79.89701555275326
epoch  129
train loss 0.472509111349
eval loss 0.794447690248
eval accuracy 78.53852464188805
train accuracy:  80.26796589524969
eval accuracy:  78.53852464188805
dev accuracy:  78.2826762965192
test accuracy:  79.69209751996638
epoch  130
train loss 0.471739901946
eval loss 0.790665835142
eval accuracy 78.76569697734587
train accuracy:  80.39335100666332
eval accuracy:  78.76569697734587
dev accuracy:  78.49332932089477
test accuracy:  79.91803278688525
epoch  131
train loss 0.469928072622
eval loss 0.792783190807
eval accuracy 78.80986937590711
train accuracy:  80.51515368632226
eval accuracy:  78.80986937590711
dev accuracy:  78.07703882034306
test accuracy:  79.8129466162253
epoch  132
train loss 0.46639693815
eval loss 0.788434575001
eval accuracy 79.12538650848742
train accuracy:  80.66131690191301
eval accuracy:  79.12538650848742
dev accuracy:  78.45320493529942
test accuracy:  79.93379571248424
epoch  133
train loss 0.467294273468
eval loss 0.790064344803
eval accuracy 78.92345554363602
train accuracy:  80.66131690191301
eval accuracy:  78.92345554363602
dev accuracy:  78.51339151369244
test accuracy:  79.93905002101724
epoch  134
train loss 0.462430315522
eval loss 0.788221612573
eval accuracy 79.16955890704865
train accuracy:  80.74801175037616
eval accuracy:  79.16955890704865
dev accuracy:  78.4180960979035
test accuracy:  79.96006725514923
epoch  135
train loss 0.463598217529
eval loss 0.799561694264
eval accuracy 78.65842115226856
train accuracy:  80.20563158271835
eval accuracy:  78.65842115226856
dev accuracy:  77.82124586217274
test accuracy:  79.3085329970576
epoch  136
train loss 0.462996753363
eval loss 0.795724759499
eval accuracy 78.79724869060391
train accuracy:  80.35537723006377
eval accuracy:  78.79724869060391
dev accuracy:  78.01183669375062
test accuracy:  79.51345102984448
epoch  137
train loss 0.459512328299
eval loss 0.788210307558
eval accuracy 79.26421404682274
train accuracy:  80.62047717990973
eval accuracy:  79.26421404682274
dev accuracy:  78.48329822449594
test accuracy:  80.1807482135351
epoch  138
train loss 0.459095398394
eval loss 0.793779393037
eval accuracy 78.65211080961696
train accuracy:  80.54811205846528
eval accuracy:  78.65211080961696
dev accuracy:  78.15728759153376
test accuracy:  79.6448087431694
epoch  139
train loss 0.457694522463
eval loss 0.785662973921
eval accuracy 79.30838644538399
train accuracy:  80.97298846456975
eval accuracy:  79.30838644538399
dev accuracy:  78.72906008626744
test accuracy:  80.23854560739807
epoch  140
train loss 0.459336843055
eval loss 0.78304254512
eval accuracy 79.35886918659683
train accuracy:  81.0274414272408
eval accuracy:  79.35886918659683
dev accuracy:  78.8042933092587
test accuracy:  80.34363177805801
epoch  141
train loss 0.455196545674
eval loss 0.78391203781
eval accuracy 79.19480027765508
train accuracy:  80.92641685175897
eval accuracy:  79.19480027765508
dev accuracy:  78.79927776105929
test accuracy:  80.21752837326608
epoch  142
train loss 0.455529069671
eval loss 0.798624654611
eval accuracy 78.70890389348142
train accuracy:  80.38618614315396
eval accuracy:  78.70890389348142
dev accuracy:  77.80619921757447
test accuracy:  79.4609079445145
epoch  143
train loss 0.452687566097
eval loss 0.783708587289
eval accuracy 79.37780021455166
train accuracy:  81.1048219531418
eval accuracy:  79.37780021455166
dev accuracy:  78.61871802588023
test accuracy:  80.22803699033207
epoch  144
train loss 0.452274608497
eval loss 0.782664194703
eval accuracy 79.35255884394523
train accuracy:  81.16214086121659
eval accuracy:  79.35255884394523
dev accuracy:  78.90460427324707
test accuracy:  80.28583438419504
epoch  145
train loss 0.451809822367
eval loss 0.785698567828
eval accuracy 79.08752445257777
train accuracy:  80.68066203338826
eval accuracy:  79.08752445257777
dev accuracy:  78.67388905607383
test accuracy:  80.0178646490122
epoch  146
train loss 0.449196110551
eval loss 0.781962141395
eval accuracy 79.56080015144822
train accuracy:  81.2767786773662
eval accuracy:  79.56080015144822
dev accuracy:  78.92466646604474
test accuracy:  80.55380411937789
epoch  147
train loss 0.448844873561
eval loss 0.785254547993
eval accuracy 79.548179466145
train accuracy:  81.14566167514509
eval accuracy:  79.548179466145
dev accuracy:  78.50837596549303
test accuracy:  80.375157629256
epoch  148
train loss 0.450460203565
eval loss 0.781915118297
eval accuracy 79.57973117940304
train accuracy:  81.36132406677653
eval accuracy:  79.57973117940304
dev accuracy:  78.94974420704183
test accuracy:  80.23329129886507
epoch  149
train loss 0.447458229386
eval loss 0.780852566163
eval accuracy 79.76273111629962
train accuracy:  81.44443648348499
eval accuracy:  79.76273111629962
dev accuracy:  78.99989968903601
test accuracy:  80.61160151324086
epoch  150
train loss 0.446527249538
eval loss 0.786454672615
eval accuracy 79.32100713068719
train accuracy:  80.7981657949416
eval accuracy:  79.32100713068719
dev accuracy:  78.67890460427324
test accuracy:  80.1754939050021
epoch  151
train loss 0.444574060348
eval loss 0.785643219948
eval accuracy 79.28314507477756
train accuracy:  81.12058465286236
eval accuracy:  79.28314507477756
dev accuracy:  78.56354699568662
test accuracy:  80.15447667087011
epoch  152
train loss 0.443088622047
eval loss 0.77837053438
eval accuracy 79.84476557077049
train accuracy:  81.64935157985241
eval accuracy:  79.84476557077049
dev accuracy:  79.05507071922962
test accuracy:  80.51176965111392
epoch  153
train loss 0.441022231029
eval loss 0.782910779119
eval accuracy 79.76273111629962
train accuracy:  81.41362757039478
eval accuracy:  79.76273111629962
dev accuracy:  78.70899789346976
test accuracy:  80.28583438419504
epoch  154
train loss 0.443236628404
eval loss 0.779683833321
eval accuracy 79.78166214425443
train accuracy:  81.41004513864011
eval accuracy:  79.78166214425443
dev accuracy:  79.09519510482495
test accuracy:  80.5222782681799
epoch  155
train loss 0.441303041692
eval loss 0.784204026063
eval accuracy 79.20742096295828
train accuracy:  81.02027656373146
eval accuracy:  79.20742096295828
dev accuracy:  78.83940214665462
test accuracy:  80.25430853299706
epoch  156
train loss 0.438086083302
eval loss 0.783032879233
eval accuracy 79.6428346059191
train accuracy:  81.38855054811206
eval accuracy:  79.6428346059191
dev accuracy:  78.94472865884241
test accuracy:  80.42770071458595
epoch  157
train loss 0.43913489179
eval loss 0.776614824931
eval accuracy 79.77535180160282
train accuracy:  81.69449021996131
eval accuracy:  79.77535180160282
dev accuracy:  79.28077038820342
test accuracy:  80.76923076923077
epoch  158
train loss 0.43604882348
eval loss 0.774409085512
eval accuracy 79.98990345175743
train accuracy:  81.9359461202264
eval accuracy:  79.98990345175743
dev accuracy:  79.25067709900692
test accuracy:  80.95313156788566
epoch  159
train loss 0.436849557436
eval loss 0.773688107729
eval accuracy 79.84476557077049
train accuracy:  81.94740990184137
eval accuracy:  79.84476557077049
dev accuracy:  79.51650115357609
test accuracy:  80.77973938629677
epoch  160
train loss 0.436213225126
eval loss 0.773268500964
eval accuracy 79.87631728402852
train accuracy:  81.96317260156194
eval accuracy:  79.87631728402852
dev accuracy:  79.42622128598656
test accuracy:  80.85329970575872
epoch  161
train loss 0.434004952128
eval loss 0.772568995754
eval accuracy 80.08455859153152
train accuracy:  82.1157841943111
eval accuracy:  80.08455859153152
dev accuracy:  79.45631457518306
test accuracy:  80.97940311055065
epoch  162
train loss 0.43542635842
eval loss 0.782481317719
eval accuracy 79.81321385751247
train accuracy:  81.66511427957298
eval accuracy:  79.81321385751247
dev accuracy:  78.83438659845521
test accuracy:  80.44871794871796
epoch  163
train loss 0.433854406843
eval loss 0.774934252103
eval accuracy 79.8510759134221
train accuracy:  81.96747151966754
eval accuracy:  79.8510759134221
dev accuracy:  79.3810813521918
test accuracy:  80.70092475830181
epoch  164
train loss 0.432118128699
eval loss 0.772492185235
eval accuracy 80.03407585031867
train accuracy:  82.02908934584796
eval accuracy:  80.03407585031867
dev accuracy:  79.53656334637375
test accuracy:  80.88482555695671
epoch  165
train loss 0.430998697304
eval loss 0.802217066288
eval accuracy 78.62686943901053
train accuracy:  80.3030737264455
eval accuracy:  78.62686943901053
dev accuracy:  78.16230313973317
test accuracy:  79.57650273224044
epoch  166
train loss 0.43017100027
eval loss 0.770917728543
eval accuracy 80.28648955638292
train accuracy:  82.23687038761912
eval accuracy:  80.28648955638292
dev accuracy:  79.42622128598656
test accuracy:  81.03194619588062
epoch  167
train loss 0.428815853137
eval loss 0.771305595835
eval accuracy 80.01514482236387
train accuracy:  82.17596904778965
eval accuracy:  80.01514482236387
dev accuracy:  79.45631457518306
test accuracy:  81.02669188734762
epoch  168
train loss 0.425515184609
eval loss 0.774171859026
eval accuracy 80.29911024168612
train accuracy:  82.19531417926488
eval accuracy:  80.29911024168612
dev accuracy:  79.02999297823253
test accuracy:  80.81126523749475
epoch  169
train loss 0.426711904315
eval loss 0.773483748237
eval accuracy 80.22338612986685
train accuracy:  82.22898903775882
eval accuracy:  80.22338612986685
dev accuracy:  79.35098806299528
test accuracy:  80.89533417402271
epoch  170
train loss 0.427461916438
eval loss 0.777280449867
eval accuracy 80.10348961948634
train accuracy:  82.05058393637601
eval accuracy:  80.10348961948634
dev accuracy:  79.0249774300331
test accuracy:  80.65363598150483
epoch  171
train loss 0.426125845084
eval loss 0.769776453574
eval accuracy 80.44424812267306
train accuracy:  82.5700365408039
eval accuracy:  80.44424812267306
dev accuracy:  79.50647005717725
test accuracy:  81.18957545187054
epoch  172
train loss 0.4224144633
eval loss 0.769285683831
eval accuracy 80.11611030478954
train accuracy:  82.32571469513505
eval accuracy:  80.11611030478954
dev accuracy:  79.69706088875515
test accuracy:  81.33669609079445
epoch  173
train loss 0.424349936155
eval loss 0.773816034198
eval accuracy 80.21076544456363
train accuracy:  82.17955147954432
eval accuracy:  80.21076544456363
dev accuracy:  79.35600361119471
test accuracy:  81.14754098360656
epoch  174
train loss 0.420881858812
eval loss 0.77573193113
eval accuracy 80.31804126964094
train accuracy:  82.38160063050799
eval accuracy:  80.31804126964094
dev accuracy:  79.06008626742903
test accuracy:  80.80601092896174
epoch  175
train loss 0.422531923996
eval loss 0.776915515463
eval accuracy 79.85738625607371
train accuracy:  81.85355018986888
eval accuracy:  79.85738625607371
dev accuracy:  79.30584812920051
test accuracy:  80.83228247162674
epoch  176
train loss 0.417793576534
eval loss 0.773742631078
eval accuracy 79.82583454281567
train accuracy:  82.24761768288315
eval accuracy:  79.82583454281567
dev accuracy:  79.57167218376968
test accuracy:  81.11601513240856
epoch  177
train loss 0.418944072265
eval loss 0.772709369659
eval accuracy 80.30542058433772
train accuracy:  82.45683169735617
eval accuracy:  80.30542058433772
dev accuracy:  79.36101915939412
test accuracy:  80.95313156788566
epoch  178
train loss 0.417834450992
eval loss 0.768026903272
eval accuracy 80.41900675206664
train accuracy:  82.73339542881708
eval accuracy:  80.41900675206664
dev accuracy:  79.69204534055572
test accuracy:  81.2368642286675
epoch  179
train loss 0.415629207515
eval loss 0.766211743156
eval accuracy 80.45686880797628
train accuracy:  82.76563731460915
eval accuracy:  80.45686880797628
dev accuracy:  79.59674992476677
test accuracy:  81.29466162253047
epoch  180
train loss 0.417934095057
eval loss 0.770274678866
eval accuracy 80.4757998359311
train accuracy:  82.71190083828903
eval accuracy:  80.4757998359311
dev accuracy:  79.55160999097201
test accuracy:  81.13177805800757
epoch  181
train loss 0.413674529928
eval loss 0.766184111436
eval accuracy 80.29279989903452
train accuracy:  82.72049867450025
eval accuracy:  80.29279989903452
dev accuracy:  79.97291603972315
test accuracy:  81.27889869693148
epoch  182
train loss 0.416920261887
eval loss 0.768764202793
eval accuracy 80.41269640941503
train accuracy:  82.756322992047
eval accuracy:  80.41269640941503
dev accuracy:  79.58671882836794
test accuracy:  81.15804960067256
epoch  183
train loss 0.413731209361
eval loss 0.765867585937
eval accuracy 80.61462737426642
train accuracy:  82.85161567672135
eval accuracy:  80.61462737426642
dev accuracy:  79.91272946133012
test accuracy:  81.2368642286675
epoch  184
train loss 0.411554364631
eval loss 0.767326662938
eval accuracy 80.42531709471824
train accuracy:  82.62807193522963
eval accuracy:  80.42531709471824
dev accuracy:  79.92777610592839
test accuracy:  81.4260193358554
epoch  185
train loss 0.4117394531
eval loss 0.770815153917
eval accuracy 80.41900675206664
train accuracy:  82.76277136920541
eval accuracy:  80.41900675206664
dev accuracy:  79.67198314775806
test accuracy:  81.17906683480453
epoch  186
train loss 0.410750075028
eval loss 0.765245780349
eval accuracy 80.53259291979555
train accuracy:  83.12029805832198
eval accuracy:  80.53259291979555
dev accuracy:  79.81241849734177
test accuracy:  81.4155107187894
epoch  187
train loss 0.411635787441
eval loss 0.764042690396
eval accuracy 80.62724805956964
train accuracy:  83.16615318478183
eval accuracy:  80.62724805956964
dev accuracy:  80.0732270037115
test accuracy:  81.62042875157628
epoch  188
train loss 0.408939459003
eval loss 0.775767390927
eval accuracy 80.11611030478954
train accuracy:  82.66103030737264
eval accuracy:  80.11611030478954
dev accuracy:  79.43625238238539
test accuracy:  81.15279529213956
epoch  189
train loss 0.410336497311
eval loss 0.768217807015
eval accuracy 80.34328264024737
train accuracy:  82.86594540374006
eval accuracy:  80.34328264024737
dev accuracy:  79.94783829872605
test accuracy:  81.33144178226146
epoch  190
train loss 0.405633619772
eval loss 0.76877233386
eval accuracy 80.50735154918912
train accuracy:  83.00852618757612
eval accuracy:  80.50735154918912
dev accuracy:  79.83248069013943
test accuracy:  81.4155107187894
epoch  191
train loss 0.406522019551
eval loss 0.766016582648
eval accuracy 80.70928251404051
train accuracy:  83.15325643046499
eval accuracy:  80.70928251404051
dev accuracy:  79.767278563547
test accuracy:  81.44178226145439
epoch  192
train loss 0.405510369402
eval loss 0.7607601583
eval accuracy 80.7913169685114
train accuracy:  83.32736261374221
eval accuracy:  80.7913169685114
dev accuracy:  80.17855351589928
test accuracy:  81.62042875157628
epoch  193
train loss 0.40358717625
eval loss 0.764008084933
eval accuracy 80.65879977282766
train accuracy:  83.29798667335388
eval accuracy:  80.65879977282766
dev accuracy:  79.99297823252081
test accuracy:  81.56788566624633
epoch  194
train loss 0.403371745577
eval loss 0.766873975595
eval accuracy 80.46948949327948
train accuracy:  82.90893458479616
eval accuracy:  80.46948949327948
dev accuracy:  80.07824255191093
test accuracy:  81.56263135771333
epoch  195
train loss 0.401307869989
eval loss 0.76241936783
eval accuracy 80.82917902442102
train accuracy:  83.46707745217454
eval accuracy:  80.82917902442102
dev accuracy:  80.09328919650918
test accuracy:  81.65195460277428
epoch  196
train loss 0.403703673528
eval loss 0.766292959452
eval accuracy 80.60831703161482
train accuracy:  83.03790212796446
eval accuracy:  80.60831703161482
dev accuracy:  79.97793158792255
test accuracy:  81.4155107187894
epoch  197
train loss 0.399646032315
eval loss 0.761451110244
eval accuracy 80.92383416419511
train accuracy:  83.45059826610303
eval accuracy:  80.92383416419511
dev accuracy:  80.17855351589928
test accuracy:  81.75704077343423
epoch  198
train loss 0.399486795641
eval loss 0.761043846607
eval accuracy 80.93645484949833
train accuracy:  83.50003582431754
eval accuracy:  80.93645484949833
dev accuracy:  80.10833584110743
test accuracy:  81.65195460277428
epoch  199
train loss 0.400700930793
eval loss 0.761852880319
eval accuracy 80.84179970972424
train accuracy:  83.55663824604142
eval accuracy:  80.84179970972424
dev accuracy:  80.17353796769987
test accuracy:  81.70975199663725
epoch  200
train loss 0.397039163571
eval loss 0.765919183691
eval accuracy 80.50104120653752
train accuracy:  83.17403453464212
eval accuracy:  80.50104120653752
dev accuracy:  79.96790049152372
test accuracy:  81.59415720891131
epoch  201
train loss 0.398798282903
eval loss 0.763031577071
eval accuracy 80.74083422729854
train accuracy:  83.5093501468797
eval accuracy:  80.74083422729854
dev accuracy:  80.16350687130104
test accuracy:  81.48907103825137
epoch  202
train loss 0.398271501064
eval loss 0.759177794059
eval accuracy 80.93645484949833
train accuracy:  83.67557498029663
eval accuracy:  80.93645484949833
dev accuracy:  80.44437757046845
test accuracy:  81.84636401849517
epoch  203
train loss 0.398402292568
eval loss 0.771386990945
eval accuracy 80.42531709471824
train accuracy:  83.17475102099306
eval accuracy:  80.42531709471824
dev accuracy:  79.4613301233825
test accuracy:  81.2578814627995
epoch  204
train loss 0.393672928214
eval loss 0.76121340692
eval accuracy 80.77238594055657
train accuracy:  83.49645339256287
eval accuracy:  80.77238594055657
dev accuracy:  80.1835690640987
test accuracy:  81.7780580075662
epoch  205
train loss 0.395125775383
eval loss 0.765937725703
eval accuracy 80.84179970972424
train accuracy:  83.46994339757828
eval accuracy:  80.84179970972424
dev accuracy:  79.80740294914234
test accuracy:  81.49957965531736
epoch  206
train loss 0.394061835339
eval loss 0.759202693899
eval accuracy 80.91121347889191
train accuracy:  83.81314035967615
eval accuracy:  80.91121347889191
dev accuracy:  80.35911325107834
test accuracy:  81.82009247583018
epoch  207
train loss 0.392759994245
eval loss 0.758241365353
eval accuracy 81.18255821291096
train accuracy:  83.80239306441213
eval accuracy:  81.18255821291096
dev accuracy:  80.48450195606381
test accuracy:  81.7675493905002
epoch  208
train loss 0.392548414377
eval loss 0.771603216728
eval accuracy 80.38114469615701
train accuracy:  82.96840295192376
eval accuracy:  80.38114469615701
dev accuracy:  80.02808706991674
test accuracy:  81.48381672971837
epoch  209
train loss 0.391792183312
eval loss 0.764859631658
eval accuracy 80.6903514860857
train accuracy:  83.550189868883
eval accuracy:  80.6903514860857
dev accuracy:  80.10833584110743
test accuracy:  81.68348045397225
epoch  210
train loss 0.388656909076
eval loss 0.760827983419
eval accuracy 81.07528238783365
train accuracy:  83.78304793293688
eval accuracy:  81.07528238783365
dev accuracy:  80.15347577490219
test accuracy:  81.72551492223623
epoch  211
train loss 0.389003596627
eval loss 0.760099003712
eval accuracy 80.99955827601438
train accuracy:  83.76226982875976
eval accuracy:  80.99955827601438
dev accuracy:  80.40425318487311
test accuracy:  81.7833123160992
epoch  212
train loss 0.387708219198
eval loss 0.762038812041
eval accuracy 80.99324793336278
train accuracy:  83.89123737192806
eval accuracy:  80.99324793336278
dev accuracy:  80.31898886548299
test accuracy:  81.9619588062211
epoch  213
train loss 0.389013608488
eval loss 0.758505612612
eval accuracy 81.10683410109168
train accuracy:  83.9084330443505
eval accuracy:  81.10683410109168
dev accuracy:  80.48951750426322
test accuracy:  81.82009247583018
epoch  214
train loss 0.386571060006
eval loss 0.771485457818
eval accuracy 80.46948949327948
train accuracy:  83.3474242315684
eval accuracy:  80.46948949327948
dev accuracy:  79.54157889457318
test accuracy:  81.17906683480453
epoch  215
train loss 0.385330214523
eval loss 0.76335597535
eval accuracy 80.89859279358869
train accuracy:  83.8568460270832
eval accuracy:  80.89859279358869
dev accuracy:  80.00802487711907
test accuracy:  81.57313997477932
epoch  216
train loss 0.388045913325
eval loss 0.765029788017
eval accuracy 80.86073073767905
train accuracy:  83.81027441427241
eval accuracy:  80.86073073767905
dev accuracy:  79.95285384692546
test accuracy:  81.60992013451029
epoch  217
train loss 0.384095447568
eval loss 0.759542748332
eval accuracy 80.99324793336278
train accuracy:  84.08182274127678
eval accuracy:  80.99324793336278
dev accuracy:  80.41929982947136
test accuracy:  81.9724674232871
epoch  218
train loss 0.382691202255
eval loss 0.762147848805
eval accuracy 80.97431690540796
train accuracy:  83.92562871677295
eval accuracy:  80.97431690540796
dev accuracy:  80.38920654027486
test accuracy:  81.94094157208912
epoch  219
train loss 0.382436565482
eval loss 0.758769164483
eval accuracy 81.06897204518205
train accuracy:  84.02522031955291
eval accuracy:  81.06897204518205
dev accuracy:  80.37917544387602
test accuracy:  81.94094157208912
epoch  220
train loss 0.381500426393
eval loss 0.773212631543
eval accuracy 80.58938600366
train accuracy:  83.46492799312173
eval accuracy:  80.58938600366
dev accuracy:  79.44126793058481
test accuracy:  81.05296343001261
epoch  221
train loss 0.382484140878
eval loss 0.761919468641
eval accuracy 80.94276519214993
train accuracy:  83.93351006663323
eval accuracy:  80.94276519214993
dev accuracy:  80.36914434747719
test accuracy:  81.88839848675914
epoch  222
train loss 0.379939173277
eval loss 0.75896029671
eval accuracy 81.05635135987885
train accuracy:  84.05029734183563
eval accuracy:  81.05635135987885
dev accuracy:  80.4594242150667
test accuracy:  81.85161832702816
epoch  223
train loss 0.379381046272
eval loss 0.76159701248
eval accuracy 80.94907553480154
train accuracy:  83.76083685605789
eval accuracy:  80.94907553480154
dev accuracy:  80.45440866686728
test accuracy:  82.00399327448508
epoch  224
train loss 0.378925003684
eval loss 0.765148272117
eval accuracy 80.88597210828547
train accuracy:  83.82747008669485
eval accuracy:  80.88597210828547
dev accuracy:  80.11836693750627
test accuracy:  81.63619167717529
epoch  225
train loss 0.382292068922
eval loss 0.756049270431
eval accuracy 81.39079952041396
train accuracy:  84.33115999140216
eval accuracy:  81.39079952041396
dev accuracy:  80.7051860768382
test accuracy:  82.124842370744
epoch  226
train loss 0.37670626434
eval loss 0.768555129568
eval accuracy 80.75345491260175
train accuracy:  83.86902629504908
eval accuracy:  80.75345491260175
dev accuracy:  79.94282275052663
test accuracy:  81.66246321984026
epoch  227
train loss 0.377692230046
eval loss 0.760262360175
eval accuracy 81.06266170253045
train accuracy:  84.31683026438347
eval accuracy:  81.06266170253045
dev accuracy:  80.27384893168824
test accuracy:  81.87788986969315
epoch  228
train loss 0.37653441154
eval loss 0.758673742414
eval accuracy 80.99955827601438
train accuracy:  84.18571326216235
eval accuracy:  80.99955827601438
dev accuracy:  80.51961079345973
test accuracy:  82.03026481715007
epoch  229
train loss 0.375418308263
eval loss 0.758380427957
eval accuracy 81.20148924086578
train accuracy:  84.48305509780039
eval accuracy:  81.20148924086578
dev accuracy:  80.43434647406961
test accuracy:  81.95145018915511
epoch  230
train loss 0.374836356594
eval loss 0.757511769732
eval accuracy 81.07528238783365
train accuracy:  84.32829404599842
eval accuracy:  81.07528238783365
dev accuracy:  80.67509278764169
test accuracy:  82.01450189155108
epoch  231
train loss 0.373305830245
eval loss 0.763167232275
eval accuracy 81.08159273048527
train accuracy:  84.23801676578061
eval accuracy:  81.08159273048527
dev accuracy:  80.28889557628649
test accuracy:  81.74127784783522
epoch  232
train loss 0.373552455925
eval loss 0.754724194606
eval accuracy 81.32138575124628
train accuracy:  84.58694561868596
eval accuracy:  81.32138575124628
dev accuracy:  80.89076136021667
test accuracy:  82.38230348886087
epoch  233
train loss 0.371476367116
eval loss 0.759050756693
eval accuracy 81.10683410109168
train accuracy:  84.28100594683671
eval accuracy:  81.10683410109168
dev accuracy:  80.79045039622831
test accuracy:  82.11433375367801
epoch  234
train loss 0.371664446707
eval loss 0.755052889387
eval accuracy 81.39079952041396
train accuracy:  84.74242315683887
eval accuracy:  81.39079952041396
dev accuracy:  80.72524826963587
test accuracy:  82.19314838167297
epoch  235
train loss 0.370674556265
eval loss 0.7545384715
eval accuracy 81.57379945731054
train accuracy:  84.69656803037901
eval accuracy:  81.57379945731054
dev accuracy:  80.68512388404052
test accuracy:  82.25094577553594
epoch  236
train loss 0.369658392782
eval loss 0.756606375178
eval accuracy 81.11945478639491
train accuracy:  84.38561295407322
eval accuracy:  81.11945478639491
dev accuracy:  80.67509278764169
test accuracy:  82.18263976460698
epoch  237
train loss 0.369548998773
eval loss 0.754719744126
eval accuracy 81.30245472329148
train accuracy:  84.67220749444722
eval accuracy:  81.30245472329148
dev accuracy:  80.89076136021667
test accuracy:  82.35077763766289
epoch  238
train loss 0.36834103041
eval loss 0.755677660306
eval accuracy 81.37817883511075
train accuracy:  84.7882782832987
eval accuracy:  81.37817883511075
dev accuracy:  80.40926873307252
test accuracy:  82.22467423287095
epoch  239
train loss 0.368342154874
eval loss 0.760983963807
eval accuracy 81.10683410109168
train accuracy:  84.55613670559576
eval accuracy:  81.10683410109168
dev accuracy:  80.27886447988766
test accuracy:  81.69924337957126
epoch  240
train loss 0.367028510914
eval loss 0.754090845585
eval accuracy 81.52962705874928
train accuracy:  84.86064340474314
eval accuracy:  81.52962705874928
dev accuracy:  80.82054368542482
test accuracy:  82.36128625472888
epoch  241
train loss 0.365662512298
eval loss 0.759536524614
eval accuracy 81.22673061147219
train accuracy:  84.68223830336032
eval accuracy:  81.22673061147219
dev accuracy:  80.36412879927775
test accuracy:  81.90416141235814
epoch  242
train loss 0.367772643383
eval loss 0.75567711393
eval accuracy 81.30245472329148
train accuracy:  84.85706097298846
eval accuracy:  81.30245472329148
dev accuracy:  80.76537265523122
test accuracy:  82.36654056326186
epoch  243
train loss 0.36690977617
eval loss 0.75643619895
eval accuracy 81.51069603079448
train accuracy:  84.72952640252204
eval accuracy:  81.51069603079448
dev accuracy:  80.85063697462132
test accuracy:  82.14585960487601
epoch  244
train loss 0.364675295468
eval loss 0.756681606174
eval accuracy 81.4349719189752
train accuracy:  84.76391774736692
eval accuracy:  81.4349719189752
dev accuracy:  80.83057478182366
test accuracy:  82.34026902059689
epoch  245
train loss 0.363419876649
eval loss 0.764563545585
eval accuracy 80.94907553480154
train accuracy:  84.59840940030092
eval accuracy:  80.94907553480154
dev accuracy:  80.16350687130104
test accuracy:  81.80958385876419
epoch  246
train loss 0.364191489724
eval loss 0.752715329329
eval accuracy 81.51700637344608
train accuracy:  85.07415633732177
eval accuracy:  81.51700637344608
dev accuracy:  81.07633664359514
test accuracy:  82.35077763766289
epoch  247
train loss 0.363374572534
eval loss 0.752850239476
eval accuracy 81.4349719189752
train accuracy:  85.17446442645267
eval accuracy:  81.4349719189752
dev accuracy:  80.84060587822249
test accuracy:  82.37179487179486
epoch  248
train loss 0.359887740933
eval loss 0.755317484339
eval accuracy 81.40973054836877
train accuracy:  85.13362470444939
eval accuracy:  81.40973054836877
dev accuracy:  80.75032601063296
test accuracy:  82.28772593526692
epoch  249
train loss 0.360565669835
eval loss 0.756407191356
eval accuracy 81.27721335268505
train accuracy:  84.84846313677724
eval accuracy:  81.27721335268505
dev accuracy:  80.870699167419
test accuracy:  82.16162253047499
epoch  250
train loss 0.358343784053
eval loss 0.757415920496
eval accuracy 81.17624787025936
train accuracy:  84.64999641756825
eval accuracy:  81.17624787025936
dev accuracy:  80.94091684221085
test accuracy:  82.21941992433796
epoch  251
train loss 0.359115407444
eval loss 0.753869185845
eval accuracy 81.42235123367199
train accuracy:  84.95665257576843
eval accuracy:  81.42235123367199
dev accuracy:  80.94091684221085
test accuracy:  82.24569146700294
epoch  252
train loss 0.357893081812
eval loss 0.754203428825
eval accuracy 81.49807534549126
train accuracy:  85.0211363473526
eval accuracy:  81.49807534549126
dev accuracy:  80.79045039622831
test accuracy:  82.3139974779319
epoch  253
train loss 0.357869921395
eval loss 0.754196435213
eval accuracy 81.46652363223323
train accuracy:  85.24754603424805
eval accuracy:  81.46652363223323
dev accuracy:  80.7352793660347
test accuracy:  82.22992854140395
epoch  254
train loss 0.356560916282
eval loss 0.754114444057
eval accuracy 81.61797185587177
train accuracy:  85.21960306656158
eval accuracy:  81.61797185587177
dev accuracy:  80.8957769084161
test accuracy:  82.44010088272383
epoch  255
train loss 0.355222597718
eval loss 0.758467664321
eval accuracy 81.46021328958163
train accuracy:  85.07702228272551
eval accuracy:  81.46021328958163
dev accuracy:  80.43936202226904
test accuracy:  81.85687263556116
epoch  256
train loss 0.356705288474
eval loss 0.760606229305
eval accuracy 81.23304095412381
train accuracy:  84.59052805044064
eval accuracy:  81.23304095412381
dev accuracy:  80.66506169124285
test accuracy:  81.82534678436318
epoch  257
train loss 0.354176279444
eval loss 0.754482855399
eval accuracy 81.46652363223323
train accuracy:  85.35430250053736
eval accuracy:  81.46652363223323
dev accuracy:  80.69013943223995
test accuracy:  82.42959226565783
epoch  258
train loss 0.353715269611
eval loss 0.757743164897
eval accuracy 81.50438568814286
train accuracy:  85.21817009385971
eval accuracy:  81.50438568814286
dev accuracy:  80.48450195606381
test accuracy:  81.99348465741907
epoch  259
train loss 0.355585332673
eval loss 0.758784025908
eval accuracy 81.49807534549126
train accuracy:  85.25900981586301
eval accuracy:  81.49807534549126
dev accuracy:  80.48951750426322
test accuracy:  82.22992854140395
epoch  260
train loss 0.352857598892
eval loss 0.753156632185
eval accuracy 81.56748911465893
train accuracy:  85.45174464426452
eval accuracy:  81.56748911465893
dev accuracy:  80.94593239041026
test accuracy:  82.45586380832283
epoch  261
train loss 0.352917525631
eval loss 0.752399464448
eval accuracy 81.58642014261375
train accuracy:  85.52769219746364
eval accuracy:  81.58642014261375
dev accuracy:  80.92085464941317
test accuracy:  82.56620428751576
epoch  262
train loss 0.349274035257
eval loss 0.752105250955
eval accuracy 81.66214425443302
train accuracy:  85.60149029160995
eval accuracy:  81.66214425443302
dev accuracy:  81.0362122579998
test accuracy:  82.53467843631778
epoch  263
train loss 0.351093661327
eval loss 0.753191654881
eval accuracy 81.46021328958163
train accuracy:  85.54990327434263
eval accuracy:  81.46021328958163
dev accuracy:  81.02116561340155
test accuracy:  82.40857503152586
epoch  264
train loss 0.350552870104
eval loss 0.756036241849
eval accuracy 81.56748911465893
train accuracy:  85.51192949774307
eval accuracy:  81.56748911465893
dev accuracy:  80.82054368542482
test accuracy:  82.15636822194199
epoch  265
train loss 0.347947885784
eval loss 0.753924568494
eval accuracy 81.66845459708462
train accuracy:  85.44744572615892
eval accuracy:  81.66845459708462
dev accuracy:  81.0111345170027
test accuracy:  82.4821353509878
epoch  266
train loss 0.349726681526
eval loss 0.75105077525
eval accuracy 81.7567993942071
train accuracy:  85.73547323923479
eval accuracy:  81.7567993942071
dev accuracy:  80.96599458320794
test accuracy:  82.59247583018075
epoch  267
train loss 0.348641558908
eval loss 0.75499539574
eval accuracy 81.76310973685871
train accuracy:  85.54202192448234
eval accuracy:  81.76310973685871
dev accuracy:  80.870699167419
test accuracy:  82.44535519125684
epoch  268
train loss 0.346695030538
eval loss 0.751205687722
eval accuracy 81.75048905155549
train accuracy:  85.6394640682095
eval accuracy:  81.75048905155549
dev accuracy:  81.06630554719631
test accuracy:  82.38230348886087
epoch  269
train loss 0.34857034454
eval loss 0.751957545678
eval accuracy 81.45390294693003
train accuracy:  85.70824675789926
eval accuracy:  81.45390294693003
dev accuracy:  81.13652322198817
test accuracy:  82.50315258511979
epoch  270
train loss 0.345452581461
eval loss 0.757395828764
eval accuracy 81.63059254117499
train accuracy:  85.51479544314681
eval accuracy:  81.63059254117499
dev accuracy:  80.75534155883238
test accuracy:  82.40857503152586
epoch  271
train loss 0.346095957435
eval loss 0.754526679715
eval accuracy 81.55486842935571
train accuracy:  85.5004657161281
eval accuracy:  81.55486842935571
dev accuracy:  81.21677199317885
test accuracy:  82.36128625472888
epoch  272
train loss 0.344778327415
eval loss 0.755877246459
eval accuracy 81.51069603079448
train accuracy:  85.65952568603568
eval accuracy:  81.51069603079448
dev accuracy:  80.87571471561841
test accuracy:  82.35077763766289
epoch  273
train loss 0.345738185713
eval loss 0.767409831285
eval accuracy 81.16993752760774
train accuracy:  85.16156767213585
eval accuracy:  81.16993752760774
dev accuracy:  80.08325810011034
test accuracy:  81.79907524169819
epoch  274
train loss 0.344635147315
eval loss 0.753105759621
eval accuracy 81.78204076481353
train accuracy:  85.81070430608297
eval accuracy:  81.78204076481353
dev accuracy:  81.10141438459225
test accuracy:  82.4873896595208
epoch  275
train loss 0.34214208619
eval loss 0.753283699354
eval accuracy 81.76942007951031
train accuracy:  85.89381672279143
eval accuracy:  81.76942007951031
dev accuracy:  80.870699167419
test accuracy:  82.42433795712483
epoch  276
train loss 0.341638622376
eval loss 0.754348427057
eval accuracy 81.51069603079448
train accuracy:  85.87805402307086
eval accuracy:  81.51069603079448
dev accuracy:  81.15658541478584
test accuracy:  82.56094997898276
epoch  277
train loss 0.343935435208
eval loss 0.75706166029
eval accuracy 81.40342020571717
train accuracy:  85.49759977072436
eval accuracy:  81.40342020571717
dev accuracy:  80.84060587822249
test accuracy:  82.11958806221101
epoch  278
train loss 0.339129796968
eval loss 0.753114844362
eval accuracy 81.78204076481353
train accuracy:  85.99627427097514
eval accuracy:  81.78204076481353
dev accuracy:  80.90580800481493
test accuracy:  82.41908364859184
epoch  279
train loss 0.339691740389
eval loss 0.752919991811
eval accuracy 81.76942007951031
train accuracy:  86.12380884144157
eval accuracy:  81.76942007951031
dev accuracy:  80.96097903500853
test accuracy:  82.40332072299286
epoch  280
train loss 0.340571409235
eval loss 0.753063077728
eval accuracy 81.97135104436171
train accuracy:  86.05574263810274
eval accuracy:  81.97135104436171
dev accuracy:  80.96599458320794
test accuracy:  82.55569567044977
epoch  281
train loss 0.336985606987
eval loss 0.752196446061
eval accuracy 81.78835110746515
train accuracy:  86.07365479687613
eval accuracy:  81.78835110746515
dev accuracy:  80.8957769084161
test accuracy:  82.3245060949979
epoch  282
train loss 0.336037626633
eval loss 0.756266290943
eval accuracy 81.60535117056857
train accuracy:  85.64519595901699
eval accuracy:  81.60535117056857
dev accuracy:  81.07132109539573
test accuracy:  82.34552332912989
epoch  283
train loss 0.338350783174
eval loss 0.763126169642
eval accuracy 81.3276960938979
train accuracy:  85.64806190442073
eval accuracy:  81.3276960938979
dev accuracy:  80.49453305246263
test accuracy:  81.86212694409416
epoch  284
train loss 0.336701875696
eval loss 0.750672588746
eval accuracy 81.81990282072317
train accuracy:  86.24847746650426
eval accuracy:  81.81990282072317
dev accuracy:  81.04624335439864
test accuracy:  82.73959646910467
epoch  285
train loss 0.334659297879
eval loss 0.75434978803
eval accuracy 81.76942007951031
train accuracy:  86.07293831052519
eval accuracy:  81.76942007951031
dev accuracy:  80.9007924566155
test accuracy:  82.59773013871374
epoch  286
train loss 0.33732401465
eval loss 0.759419540564
eval accuracy 81.6495235691298
train accuracy:  85.81643619689045
eval accuracy:  81.6495235691298
dev accuracy:  80.72023272143646
test accuracy:  82.02501050861707
epoch  287
train loss 0.335442946507
eval loss 0.757298693061
eval accuracy 81.52331671609768
train accuracy:  85.98910940746579
eval accuracy:  81.52331671609768
dev accuracy:  80.91583910121376
test accuracy:  82.41908364859184
epoch  288
train loss 0.333200310285
eval loss 0.753254557649
eval accuracy 81.81990282072317
train accuracy:  86.09013398294762
eval accuracy:  81.81990282072317
dev accuracy:  81.1716320593841
test accuracy:  82.57671290458177
epoch  289
train loss 0.333220970172
eval loss 0.757357219855
eval accuracy 81.61166151322017
train accuracy:  86.16249910439207
eval accuracy:  81.61166151322017
dev accuracy:  80.91082355301434
test accuracy:  82.38230348886087
epoch  290
train loss 0.333808544164
eval loss 0.753332644701
eval accuracy 81.76942007951031
train accuracy:  86.394640682095
eval accuracy:  81.76942007951031
dev accuracy:  81.16160096298526
test accuracy:  82.50840689365279
epoch  291
train loss 0.332213433889
eval loss 0.760210340222
eval accuracy 81.70000631034266
train accuracy:  85.81285376513577
eval accuracy:  81.70000631034266
dev accuracy:  80.95094793860969
test accuracy:  82.37179487179486
epoch  292
train loss 0.330500262288
eval loss 0.757177005212
eval accuracy 81.76310973685871
train accuracy:  86.27928637959447
eval accuracy:  81.76310973685871
dev accuracy:  80.79045039622831
test accuracy:  82.3139974779319
epoch  293
train loss 0.330805566448
eval loss 0.75145090123
eval accuracy 81.92086830314886
train accuracy:  86.5171598481049
eval accuracy:  81.92086830314886
dev accuracy:  81.27695857157188
test accuracy:  82.60823875577974
epoch  294
train loss 0.332376656624
eval loss 0.754283125202
eval accuracy 81.78835110746515
train accuracy:  86.3781614960235
eval accuracy:  81.78835110746515
dev accuracy:  80.870699167419
test accuracy:  82.45586380832283
epoch  295
train loss 0.332260038417
eval loss 0.753883813818
eval accuracy 81.83252350602638
train accuracy:  86.2226839578706
eval accuracy:  81.83252350602638
dev accuracy:  81.16661651118467
test accuracy:  82.54518705338377
epoch  296
train loss 0.328235821082
eval loss 0.755152886113
eval accuracy 81.71893733829747
train accuracy:  86.37386257791789
eval accuracy:  81.71893733829747
dev accuracy:  81.02618116160096
test accuracy:  82.62400168137873
epoch  297
train loss 0.327383217903
eval loss 0.7551950713
eval accuracy 81.83883384867798
train accuracy:  86.51214444364835
eval accuracy:  81.83883384867798
dev accuracy:  81.07633664359514
test accuracy:  82.50315258511979
epoch  298
train loss 0.328547443335
eval loss 0.753738860289
eval accuracy 81.66845459708462
train accuracy:  86.35809987819732
eval accuracy:  81.66845459708462
dev accuracy:  81.09639883639281
test accuracy:  82.4821353509878
epoch  299
train loss 0.329351451534
eval loss 0.761357292533
eval accuracy 81.44759260427841
train accuracy:  86.17181342695422
eval accuracy:  81.44759260427841
dev accuracy:  80.71020162503761
test accuracy:  82.43484657419083
epoch  300
train loss 0.327014039915
eval loss 0.753398532669
eval accuracy 81.95242001640689
train accuracy:  86.45052661746794
eval accuracy:  81.95242001640689
dev accuracy:  81.1716320593841
test accuracy:  82.62925598991173
epoch  301
train loss 0.326337583936
eval loss 0.753576169411
eval accuracy 81.83252350602638
train accuracy:  86.60887010102456
eval accuracy:  81.83252350602638
dev accuracy:  81.09639883639281
test accuracy:  82.46637242538883
epoch  302
train loss 0.325707822465
eval loss 0.757300501068
eval accuracy 81.73786836625229
train accuracy:  86.5787776742853
eval accuracy:  81.73786836625229
dev accuracy:  81.05627445079747
test accuracy:  82.61874737284573
epoch  303
train loss 0.323694411379
eval loss 0.754787648718
eval accuracy 81.98397172966492
train accuracy:  86.6117360464283
eval accuracy:  81.98397172966492
dev accuracy:  81.19670980038119
test accuracy:  82.63976460697772
epoch  304
train loss 0.322966702856
eval loss 0.755860894918
eval accuracy 81.70631665299426
train accuracy:  86.52719065701798
eval accuracy:  81.70631665299426
dev accuracy:  80.9007924566155
test accuracy:  82.40332072299286
epoch  305
train loss 0.322568490528
eval loss 0.756089404225
eval accuracy 81.79466145011675
train accuracy:  86.68768359962743
eval accuracy:  81.79466145011675
dev accuracy:  80.84562142642191
test accuracy:  82.29823455233291
epoch  306
train loss 0.322529914861
eval loss 0.753954524795
eval accuracy 82.01552344292296
train accuracy:  86.85175897399155
eval accuracy:  82.01552344292296
dev accuracy:  81.10141438459225
test accuracy:  82.57145859604876
epoch  307
train loss 0.320948385848
eval loss 0.756333564719
eval accuracy 81.62428219852337
train accuracy:  86.38317690048004
eval accuracy:  81.62428219852337
dev accuracy:  81.36222289096197
test accuracy:  82.50840689365279
epoch  308
train loss 0.325261483972
eval loss 0.756120930115
eval accuracy 81.7567993942071
train accuracy:  86.69628143583866
eval accuracy:  81.7567993942071
dev accuracy:  81.29702076436955
test accuracy:  82.6817990752417
epoch  309
train loss 0.320251671168
eval loss 0.755209326744
eval accuracy 81.90193727519404
train accuracy:  86.60672064197176
eval accuracy:  81.90193727519404
dev accuracy:  81.28698966797072
test accuracy:  82.61349306431273
epoch  310
train loss 0.320322445952
eval loss 0.755213240782
eval accuracy 81.81990282072317
train accuracy:  86.81450168374293
eval accuracy:  81.81990282072317
dev accuracy:  81.08135219179456
test accuracy:  82.4768810424548
epoch  311
train loss 0.320125064025
eval loss 0.75756877164
eval accuracy 81.70000631034266
train accuracy:  86.71634305366483
eval accuracy:  81.70000631034266
dev accuracy:  81.00110342060387
test accuracy:  82.4768810424548
epoch  312
train loss 0.319945851198
eval loss 0.755995318294
eval accuracy 81.81359247807156
train accuracy:  86.65759117288816
eval accuracy:  81.81359247807156
dev accuracy:  81.26191192697362
test accuracy:  82.5241698192518
epoch  313
train loss 0.317946567558
eval loss 0.756779854496
eval accuracy 81.76942007951031
train accuracy:  86.69413197678584
eval accuracy:  81.76942007951031
dev accuracy:  81.1214765773899
test accuracy:  82.38755779739387
epoch  314
train loss 0.316954624194
eval loss 0.759730940064
eval accuracy 81.50438568814286
train accuracy:  86.3165436698431
eval accuracy:  81.50438568814286
dev accuracy:  81.16661651118467
test accuracy:  82.45060949978983
epoch  315
train loss 0.318821264574
eval loss 0.756980508566
eval accuracy 81.77573042216191
train accuracy:  86.63681306871104
eval accuracy:  81.77573042216191
dev accuracy:  81.29702076436955
test accuracy:  82.4978982765868
epoch  316
train loss 0.314755411675
eval loss 0.75632717212
eval accuracy 81.81990282072317
train accuracy:  86.83742924697285
eval accuracy:  81.81990282072317
dev accuracy:  81.38730063195906
test accuracy:  82.66078184110971
epoch  317
train loss 0.319032077606
eval loss 0.755754296978
eval accuracy 81.6432132264782
train accuracy:  87.07315325643047
eval accuracy:  81.6432132264782
dev accuracy:  81.14153877018758
test accuracy:  82.45586380832283
epoch  318
train loss 0.315902293875
eval loss 0.75430885454
eval accuracy 81.92717864580047
train accuracy:  87.17919323636885
eval accuracy:  81.92717864580047
dev accuracy:  81.02116561340155
test accuracy:  82.54518705338377
epoch  319
train loss 0.312988286408
eval loss 0.755765924851
eval accuracy 81.78835110746515
train accuracy:  87.10682811492441
eval accuracy:  81.78835110746515
dev accuracy:  81.06128999899688
test accuracy:  82.57145859604876
epoch  320
train loss 0.314805993667
eval loss 0.754678751032
eval accuracy 81.76942007951031
train accuracy:  86.98932435337106
eval accuracy:  81.76942007951031
dev accuracy:  81.41237837295617
test accuracy:  82.63976460697772
epoch  321
train loss 0.313336115044
eval loss 0.759011348089
eval accuracy 81.62428219852337
train accuracy:  86.72350791717417
eval accuracy:  81.62428219852337
dev accuracy:  81.23181863777711
test accuracy:  82.4768810424548
epoch  322
train loss 0.311658258622
eval loss 0.7541132768
eval accuracy 81.8577648766328
train accuracy:  87.27591889374507
eval accuracy:  81.8577648766328
dev accuracy:  81.23683418597652
test accuracy:  82.63976460697772
epoch  323
train loss 0.311898093957
eval loss 0.755205040177
eval accuracy 81.80728213541995
train accuracy:  87.05452461130615
eval accuracy:  81.80728213541995
dev accuracy:  81.13652322198817
test accuracy:  82.6712904581757
epoch  324
train loss 0.312210929508
eval loss 0.754528363546
eval accuracy 81.8640752192844
train accuracy:  87.3561653650498
eval accuracy:  81.8640752192844
dev accuracy:  81.34717624636373
test accuracy:  82.55569567044977
epoch  325
train loss 0.309963442958
eval loss 0.755771324039
eval accuracy 81.82621316337477
train accuracy:  87.20785269040626
eval accuracy:  81.82621316337477
dev accuracy:  81.16661651118467
test accuracy:  82.60823875577974
epoch  326
train loss 0.310128637804
eval loss 0.759442299604
eval accuracy 81.66845459708462
train accuracy:  87.12903919180339
eval accuracy:  81.66845459708462
dev accuracy:  80.92085464941317
test accuracy:  82.44010088272383
epoch  327
train loss 0.309754360181
eval loss 0.759590635697
eval accuracy 81.80097179276835
train accuracy:  87.2623056530773
eval accuracy:  81.80097179276835
dev accuracy:  80.93088574581202
test accuracy:  82.36654056326186
epoch  328
train loss 0.309899734763
eval loss 0.755338097612
eval accuracy 81.94610967375529
train accuracy:  87.37121157841943
eval accuracy:  81.94610967375529
dev accuracy:  81.36222289096197
test accuracy:  82.6817990752417
epoch  329
train loss 0.308516073685
eval loss 0.754795943697
eval accuracy 81.99659241496813
train accuracy:  87.44429318621481
eval accuracy:  81.99659241496813
dev accuracy:  81.21677199317885
test accuracy:  82.69756200084069
epoch  330
train loss 0.306567350832
eval loss 0.758836636941
eval accuracy 81.8640752192844
train accuracy:  87.1147094647847
eval accuracy:  81.8640752192844
dev accuracy:  81.15156986658641
test accuracy:  82.52942412778478
epoch  331
train loss 0.306887999177
eval loss 0.754175166289
eval accuracy 82.04076481352938
train accuracy:  87.56322992047002
eval accuracy:  82.04076481352938
dev accuracy:  81.27194302337244
test accuracy:  82.69756200084069
epoch  332
train loss 0.306568352649
eval loss 0.755801687638
eval accuracy 82.08493721209061
train accuracy:  87.57684316113779
eval accuracy:  82.08493721209061
dev accuracy:  81.18667870398234
test accuracy:  82.59247583018075
epoch  333
train loss 0.305637404323
eval loss 0.763854319851
eval accuracy 81.61797185587177
train accuracy:  86.90979436841728
eval accuracy:  81.61797185587177
dev accuracy:  80.870699167419
test accuracy:  82.20365699873896
epoch  334
train loss 0.304615745751
eval loss 0.75514036417
eval accuracy 81.98397172966492
train accuracy:  87.61983234219389
eval accuracy:  81.98397172966492
dev accuracy:  81.39231618015849
test accuracy:  82.6765447667087
epoch  335
train loss 0.304189684872
eval loss 0.757051666578
eval accuracy 81.90824761784566
train accuracy:  87.57684316113779
eval accuracy:  81.90824761784566
dev accuracy:  81.3371451499649
test accuracy:  82.6712904581757
epoch  336
train loss 0.30461695647
eval loss 0.756708398461
eval accuracy 81.99028207231652
train accuracy:  87.45504048147883
eval accuracy:  81.99028207231652
dev accuracy:  81.35720734276256
test accuracy:  82.60298444724674
epoch  337
train loss 0.30453677017
eval loss 0.759658003847
eval accuracy 81.90193727519404
train accuracy:  87.3375367199255
eval accuracy:  81.90193727519404
dev accuracy:  81.06128999899688
test accuracy:  82.37704918032787
epoch  338
train loss 0.302296322699
eval loss 0.758348415295
eval accuracy 81.8640752192844
train accuracy:  87.66712044135559
eval accuracy:  81.8640752192844
dev accuracy:  81.00611896880329
test accuracy:  82.5136612021858
epoch  339
train loss 0.301541756552
eval loss 0.755592082938
eval accuracy 81.8640752192844
train accuracy:  87.58759045640181
eval accuracy:  81.8640752192844
dev accuracy:  81.27194302337244
test accuracy:  82.61874737284573
epoch  340
train loss 0.303312433454
eval loss 0.759035428365
eval accuracy 81.89562693254244
train accuracy:  87.47796804470876
eval accuracy:  81.89562693254244
dev accuracy:  81.3120674089678
test accuracy:  82.62925598991173
epoch  341
train loss 0.304325115795
eval loss 0.762903427084
eval accuracy 81.89562693254244
train accuracy:  87.40202049150963
eval accuracy:  81.89562693254244
dev accuracy:  81.18166315578293
test accuracy:  82.59773013871374
epoch  342
train loss 0.299847336056
eval loss 0.763056109349
eval accuracy 81.81990282072317
train accuracy:  87.56466289317189
eval accuracy:  81.81990282072317
dev accuracy:  81.07633664359514
test accuracy:  82.46111811685583
epoch  343
train loss 0.300926950115
eval loss 0.769462595383
eval accuracy 81.5422477440525
train accuracy:  87.12903919180339
eval accuracy:  81.5422477440525
dev accuracy:  80.82555923362423
test accuracy:  82.41382934005885
epoch  344
train loss 0.299753862218
eval loss 0.756932790081
eval accuracy 81.90193727519404
train accuracy:  87.73160421293974
eval accuracy:  81.90193727519404
dev accuracy:  81.32209850536664
test accuracy:  82.62400168137873
epoch  345
train loss 0.300475950998
eval loss 0.772624696294
eval accuracy 81.42866157632359
train accuracy:  87.06527190657019
eval accuracy:  81.42866157632359
dev accuracy:  80.28889557628649
test accuracy:  81.95145018915511
epoch  346
train loss 0.298376240123
eval loss 0.760014062126
eval accuracy 81.92717864580047
train accuracy:  87.86487067421366
eval accuracy:  81.92717864580047
dev accuracy:  81.16661651118467
test accuracy:  82.56620428751576
epoch  347
train loss 0.297396997993
eval loss 0.759225105246
eval accuracy 81.88300624723922
train accuracy:  87.77960879845239
eval accuracy:  81.88300624723922
dev accuracy:  81.37225398736082
test accuracy:  82.52942412778478
epoch  348
train loss 0.298336658913
eval loss 0.761329690615
eval accuracy 81.8577648766328
train accuracy:  87.64204341907286
eval accuracy:  81.8577648766328
dev accuracy:  81.29200521617012
test accuracy:  82.55044136191677
epoch  349
train loss 0.296212398089
eval loss 0.760707259178
eval accuracy 81.8640752192844
train accuracy:  87.84767500179122
eval accuracy:  81.8640752192844
dev accuracy:  81.11144548099108
test accuracy:  82.64501891551072
epoch  350
train loss 0.296376307996
eval loss 0.772146021326
eval accuracy 81.40973054836877
train accuracy:  87.39987103245683
eval accuracy:  81.40973054836877
dev accuracy:  80.58982846825158
test accuracy:  82.06179066834804
epoch  351
train loss 0.296924518851
eval loss 0.760224873821
eval accuracy 81.88931658989083
train accuracy:  87.73375367199256
eval accuracy:  81.88931658989083
dev accuracy:  81.30705186076838
test accuracy:  82.53993274485077
epoch  352
train loss 0.295787073672
eval loss 0.763216421008
eval accuracy 81.8640752192844
train accuracy:  87.82116500680662
eval accuracy:  81.8640752192844
dev accuracy:  80.87571471561841
test accuracy:  82.29823455233291
epoch  353
train loss 0.294923690076
eval loss 0.761876836419
eval accuracy 81.87669590458762
train accuracy:  87.91789066418285
eval accuracy:  81.87669590458762
dev accuracy:  81.24686528237537
test accuracy:  82.50840689365279
epoch  354
train loss 0.294901970487
eval loss 0.767509077986
eval accuracy 81.52331671609768
train accuracy:  87.65279071433689
eval accuracy:  81.52331671609768
dev accuracy:  81.05627445079747
test accuracy:  82.40332072299286
epoch  355
train loss 0.292843065583
eval loss 0.761713559429
eval accuracy 81.71893733829747
train accuracy:  87.79680447087483
eval accuracy:  81.71893733829747
dev accuracy:  81.40234727655734
test accuracy:  82.6923076923077
epoch  356
train loss 0.293260182899
eval loss 0.765492940942
eval accuracy 81.6369028838266
train accuracy:  87.84839148814216
eval accuracy:  81.6369028838266
dev accuracy:  80.98605677600563
test accuracy:  82.44535519125684
epoch  357
train loss 0.290425858245
eval loss 0.761183713873
eval accuracy 81.870385561936
train accuracy:  88.0318119939815
eval accuracy:  81.870385561936
dev accuracy:  81.05627445079747
test accuracy:  82.61349306431273
epoch  358
train loss 0.290498962196
eval loss 0.764137327671
eval accuracy 81.92717864580047
train accuracy:  87.9372357956581
eval accuracy:  81.92717864580047
dev accuracy:  81.1214765773899
test accuracy:  82.46111811685583
epoch  359
train loss 0.290220627991
eval loss 0.759753406048
eval accuracy 81.95242001640689
train accuracy:  88.15934656444794
eval accuracy:  81.95242001640689
dev accuracy:  81.34717624636373
test accuracy:  82.50840689365279
epoch  360
train loss 0.291062804369
eval loss 0.766757672032
eval accuracy 81.78835110746515
train accuracy:  87.66067206419717
eval accuracy:  81.78835110746515
dev accuracy:  81.15156986658641
test accuracy:  82.3350147120639
epoch  361
train loss 0.290877726502
eval loss 0.763866901398
eval accuracy 81.70000631034266
train accuracy:  88.06763631152826
eval accuracy:  81.70000631034266
dev accuracy:  80.79045039622831
test accuracy:  82.29298024379992
epoch  362
train loss 0.289593855062
eval loss 0.771325642864
eval accuracy 81.57379945731054
train accuracy:  87.80468582073512
eval accuracy:  81.57379945731054
dev accuracy:  80.67007723944228
test accuracy:  82.37179487179486
epoch  363
train loss 0.28889534909
eval loss 0.765656242768
eval accuracy 81.78835110746515
train accuracy:  88.05330658450956
eval accuracy:  81.78835110746515
dev accuracy:  80.92085464941317
test accuracy:  82.25094577553594
epoch  364
train loss 0.289660229133
eval loss 0.764887799819
eval accuracy 81.7567993942071
train accuracy:  88.1564806190442
eval accuracy:  81.7567993942071
dev accuracy:  81.36723843916141
test accuracy:  82.57671290458177
epoch  365
train loss 0.287861960725
eval loss 0.765385662516
eval accuracy 81.6558339117814
train accuracy:  88.11564089704092
eval accuracy:  81.6558339117814
dev accuracy:  80.8155281372254
test accuracy:  82.27196300966793
epoch  366
train loss 0.28761671197
eval loss 0.761529634396
eval accuracy 81.80097179276835
train accuracy:  88.33560220677796
eval accuracy:  81.80097179276835
dev accuracy:  81.26692747517303
test accuracy:  82.6712904581757
epoch  367
train loss 0.288807946329
eval loss 0.766774962346
eval accuracy 81.68107528238784
train accuracy:  87.86128824245898
eval accuracy:  81.68107528238784
dev accuracy:  81.3371451499649
test accuracy:  82.4978982765868
epoch  368
train loss 0.28830273736
eval loss 0.763847132524
eval accuracy 82.02814412822616
train accuracy:  88.16937737336103
eval accuracy:  82.02814412822616
dev accuracy:  81.32209850536664
test accuracy:  82.36654056326186
epoch  369
train loss 0.285726420868
eval loss 0.762039333582
eval accuracy 81.92717864580047
train accuracy:  88.33201977502328
eval accuracy:  81.92717864580047
dev accuracy:  81.42742501755443
test accuracy:  82.54518705338377
epoch  370
train loss 0.285733444473
eval loss 0.766940633456
eval accuracy 81.67476493973624
train accuracy:  88.1113419789353
eval accuracy:  81.67476493973624
dev accuracy:  80.86066807102016
test accuracy:  82.16162253047499
epoch  371
train loss 0.283719953436
eval loss 0.764485870798
eval accuracy 81.8577648766328
train accuracy:  88.23672709034894
eval accuracy:  81.8577648766328
dev accuracy:  81.25188083057479
test accuracy:  82.47162673392182
epoch  372
train loss 0.283322267521
eval loss 0.763880183299
eval accuracy 81.91455796049726
train accuracy:  88.46170380454252
eval accuracy:  81.91455796049726
dev accuracy:  81.32209850536664
test accuracy:  82.43484657419083
epoch  373
train loss 0.281927415671
eval loss 0.767465382814
eval accuracy 81.95873035905849
train accuracy:  88.31625707530272
eval accuracy:  81.95873035905849
dev accuracy:  80.93590129401143
test accuracy:  82.3297604035309
epoch  374
train loss 0.282944646879
eval loss 0.770574311415
eval accuracy 81.76310973685871
train accuracy:  88.24532492656016
eval accuracy:  81.76310973685871
dev accuracy:  81.00110342060387
test accuracy:  82.41908364859184
epoch  375
train loss 0.281236706158
eval loss 0.767663811644
eval accuracy 81.80097179276835
train accuracy:  88.3406176112345
eval accuracy:  81.80097179276835
dev accuracy:  80.98605677600563
test accuracy:  82.22467423287095
epoch  376
train loss 0.282611339998
eval loss 0.766285901268
eval accuracy 81.76310973685871
train accuracy:  88.32270545246112
eval accuracy:  81.76310973685871
dev accuracy:  81.37726953556023
test accuracy:  82.50840689365279
epoch  377
train loss 0.282551657695
eval loss 0.764477739731
eval accuracy 82.03445447087778
train accuracy:  88.63151106971412
eval accuracy:  82.03445447087778
dev accuracy:  81.3120674089678
test accuracy:  82.66078184110971
epoch  378
train loss 0.279158780781
eval loss 0.766104434927
eval accuracy 81.89562693254244
train accuracy:  88.58135702514866
eval accuracy:  81.89562693254244
dev accuracy:  81.06128999899688
test accuracy:  82.53467843631778
epoch  379
train loss 0.280826069988
eval loss 0.763713722428
eval accuracy 82.02183378557456
train accuracy:  88.61288242458981
eval accuracy:  82.02183378557456
dev accuracy:  81.32711405356605
test accuracy:  82.4873896595208
epoch  380
train loss 0.280655485506
eval loss 0.767402430375
eval accuracy 81.73786836625229
train accuracy:  88.47531704521029
eval accuracy:  81.73786836625229
dev accuracy:  81.1214765773899
test accuracy:  82.4873896595208
epoch  381
train loss 0.278978344626
eval loss 0.769415587187
eval accuracy 81.75048905155549
train accuracy:  88.46170380454252
eval accuracy:  81.75048905155549
dev accuracy:  80.92085464941317
test accuracy:  82.35077763766289
epoch  382
train loss 0.278537797527
eval loss 0.763678724567
eval accuracy 82.12910961065187
train accuracy:  88.80418428028946
eval accuracy:  82.12910961065187
dev accuracy:  81.39733172835791
test accuracy:  82.47162673392182
epoch  383
train loss 0.278579843445
eval loss 0.778243074814
eval accuracy 81.25197198207863
train accuracy:  88.0848319839507
eval accuracy:  81.25197198207863
dev accuracy:  81.24184973417594
test accuracy:  82.18263976460698
